+0.0ns POS: x=739.42, y=443.73, z=1.5; VEL:0, y=0, z=0
+0.0ns POS: x=704.68, y=713.68, z=1.5; VEL:0, y=0, z=0
+1000000000.0ns POS: x=739.42, y=443.73, z=1.5; VEL:-0.130269, y=1.09226, z=0
+1000000000.0ns POS: x=704.68, y=713.68, z=1.5; VEL:0.260146, y=-1.771, z=0
+1997931745.0ns POS: x=739.29, y=444.82, z=1.5; VEL:0, y=0, z=0
+1999438061.0ns POS: x=704.94, y=711.91, z=1.5; VEL:0, y=0, z=0
+2000000000.0ns POS: x=704.27, y=716.45, z=1.5; VEL:0, y=0, z=0
+2000000000.0ns POS: x=739.29, y=444.82, z=1.5; VEL:-0.279078, y=2.23263, z=0
+2000000000.0ns POS: x=704.94, y=711.91, z=1.5; VEL:0.549936, y=-3.71957, z=0
+3000000000.0ns POS: x=704.27, y=716.45, z=1.5; VEL:0.0904957, y=-0.61336, z=0
+3000000000.0ns POS: x=739.011, y=447.053, z=1.5; VEL:-0.430378, y=3.42305, z=0
+3000000000.0ns POS: x=705.49, y=708.19, z=1.5; VEL:0.811449, y=-5.4297, z=0
+3994521936.0ns POS: x=704.36, y=715.84, z=1.5; VEL:0, y=0, z=0
+3998293334.0ns POS: x=706.3, y=702.77, z=1.5; VEL:0, y=0, z=0
+4000000000.0ns POS: x=704.36, y=715.84, z=1.5; VEL:0.790244, y=-5.32165, z=0
+4000000000.0ns POS: x=738.581, y=450.476, z=1.5; VEL:-0.529666, y=4.26725, z=0
+4000000000.0ns POS: x=706.3, y=702.77, z=1.5; VEL:1.12946, y=-7.58638, z=0
+4999690738.0ns POS: x=705.15, y=710.52, z=1.5; VEL:0, y=0, z=0
+5000000000.0ns POS: x=738.82, y=448.59, z=1.5; VEL:0, y=0, z=0
+5000000000.0ns POS: x=705.15, y=710.52, z=1.5; VEL:1.16906, y=-7.87368, z=0
+5000000000.0ns POS: x=738.051, y=454.743, z=1.5; VEL:-0.630166, y=5.1113, z=0
+5000000000.0ns POS: x=707.429, y=695.184, z=1.5; VEL:1.36138, y=-9.14927, z=0
+5999382045.0ns POS: x=708.79, y=686.04, z=1.5; VEL:0, y=0, z=0
+6000000000.0ns POS: x=738.82, y=448.59, z=1.5; VEL:-0.110405, y=0.913351, z=0
+6000000000.0ns POS: x=706.319, y=702.646, z=1.5; VEL:0.940103, y=-6.34069, z=0
+6000000000.0ns POS: x=737.421, y=459.854, z=1.5; VEL:-0.739308, y=5.97443, z=0
+6000000000.0ns POS: x=708.79, y=686.04, z=1.5; VEL:1.67798, y=-11.3264, z=0
+6996330697.0ns POS: x=738.71, y=449.5, z=1.5; VEL:0, y=0, z=0
+7000000000.0ns POS: x=738.71, y=449.5, z=1.5; VEL:-0.19966, y=1.56733, z=0
+7000000000.0ns POS: x=707.259, y=696.306, z=1.5; VEL:1.72035, y=-11.5324, z=0
+7000000000.0ns POS: x=736.681, y=465.829, z=1.5; VEL:-0.860797, y=6.89649, z=0
+7000000000.0ns POS: x=710.468, y=674.714, z=1.5; VEL:1.9607, y=-13.1648, z=0
+8000000000.0ns POS: x=738.51, y=451.067, z=1.5; VEL:-0.331166, y=2.62923, z=0
+8000000000.0ns POS: x=708.98, y=684.773, z=1.5; VEL:1.95933, y=-13.2054, z=0
+8000000000.0ns POS: x=735.821, y=472.725, z=1.5; VEL:-0.901446, y=5.79025, z=0
+8000000000.0ns POS: x=712.429, y=661.549, z=1.5; VEL:2.15014, y=-14.4509, z=0
+8997504999.0ns POS: x=738.18, y=453.69, z=1.5; VEL:0, y=0, z=0
+8999067901.0ns POS: x=734.92, y=478.51, z=1.5; VEL:0, y=0, z=0
+9000000000.0ns POS: x=738.18, y=453.69, z=1.5; VEL:-0.42923, y=3.49373, z=0
+9000000000.0ns POS: x=710.939, y=671.568, z=1.5; VEL:1.8915, y=-12.7201, z=0
+9000000000.0ns POS: x=734.92, y=478.51, z=1.5; VEL:-4.51651, y=3.9041, z=0
+9000000000.0ns POS: x=714.579, y=647.098, z=1.5; VEL:2.10915, y=-14.2043, z=0
+9914422527.0ns POS: x=730.79, y=482.08, z=1.5; VEL:0, y=0, z=0
+9999816887.0ns POS: x=712.83, y=658.85, z=1.5; VEL:0, y=0, z=0
+10000000000.0ns POS: x=737.751, y=457.184, z=1.5; VEL:-0.559409, y=4.49533, z=0
+10000000000.0ns POS: x=712.83, y=658.85, z=1.5; VEL:1.67937, y=-11.2857, z=0
+10000000000.0ns POS: x=730.79, y=482.08, z=1.5; VEL:-6.33128, y=-0.70125, z=0
+10000000000.0ns POS: x=716.688, y=632.894, z=1.5; VEL:2.06944, y=-13.8563, z=0
+10998217842.0ns POS: x=724.47, y=481.38, z=1.5; VEL:0, y=0, z=0
+11000000000.0ns POS: x=737.191, y=461.679, z=1.5; VEL:-0.679814, y=5.52836, z=0
+11000000000.0ns POS: x=714.509, y=647.564, z=1.5; VEL:1.76, y=-11.85, z=0
+11000000000.0ns POS: x=724.47, y=481.38, z=1.5; VEL:-7.58173, y=-1.16027, z=0
+11000000000.0ns POS: x=718.757, y=619.037, z=1.5; VEL:2.04968, y=-13.7278, z=0
+11999771344.0ns POS: x=716.89, y=480.22, z=1.5; VEL:0, y=0, z=0
+12000000000.0ns POS: x=736.512, y=467.207, z=1.5; VEL:-0.84092, y=6.71757, z=0
+12000000000.0ns POS: x=716.269, y=635.714, z=1.5; VEL:2.02004, y=-13.5503, z=0
+12000000000.0ns POS: x=716.89, y=480.22, z=1.5; VEL:-8.6686, y=-1.32978, z=0
+12000000000.0ns POS: x=720.807, y=605.31, z=1.5; VEL:2.01011, y=-13.4607, z=0
+13000000000.0ns POS: x=735.671, y=473.925, z=1.5; VEL:-1.29116, y=6.09474, z=0
+13000000000.0ns POS: x=718.289, y=622.164, z=1.5; VEL:2.01006, y=-13.4304, z=0
+13000000000.0ns POS: x=708.221, y=478.89, z=1.5; VEL:-9.49975, y=-1.45149, z=0
+13000000000.0ns POS: x=722.817, y=591.849, z=1.5; VEL:2.05114, y=-13.7276, z=0
+13991841554.0ns POS: x=734.39, y=479.97, z=1.5; VEL:0, y=0, z=0
+13999121218.0ns POS: x=698.73, y=477.44, z=1.5; VEL:0, y=0, z=0
+14000000000.0ns POS: x=734.39, y=479.97, z=1.5; VEL:-5.55268, y=2.24675, z=0
+14000000000.0ns POS: x=720.299, y=608.734, z=1.5; VEL:1.82916, y=-12.2643, z=0
+14000000000.0ns POS: x=698.73, y=477.44, z=1.5; VEL:-10.3589, y=-1.5883, z=0
+14000000000.0ns POS: x=724.868, y=578.121, z=1.5; VEL:2.0299, y=-13.5993, z=0
+14934684272.0ns POS: x=729.2, y=482.07, z=1.5; VEL:0, y=0, z=0
+15000000000.0ns POS: x=729.2, y=482.07, z=1.5; VEL:-6.2223, y=-0.920341, z=0
+15000000000.0ns POS: x=722.129, y=596.469, z=1.5; VEL:1.77123, y=-11.8382, z=0
+15000000000.0ns POS: x=688.371, y=475.852, z=1.5; VEL:-11.2086, y=-1.72132, z=0
+15000000000.0ns POS: x=726.898, y=564.522, z=1.5; VEL:2.02992, y=-13.6094, z=0
+15999629646.0ns POS: x=722.98, y=481.15, z=1.5; VEL:0, y=0, z=0
+16000000000.0ns POS: x=722.98, y=481.15, z=1.5; VEL:-7.22534, y=-1.10929, z=0
+16000000000.0ns POS: x=723.9, y=584.631, z=1.5; VEL:1.979, y=-13.2733, z=0
+16000000000.0ns POS: x=677.162, y=474.13, z=1.5; VEL:-11.8816, y=-1.81872, z=0
+16000000000.0ns POS: x=728.928, y=550.912, z=1.5; VEL:2.04962, y=-13.6975, z=0
+17000000000.0ns POS: x=715.755, y=480.041, z=1.5; VEL:-8.36255, y=-1.28039, z=0
+17000000000.0ns POS: x=725.879, y=571.358, z=1.5; VEL:1.90133, y=-12.7389, z=0
+17000000000.0ns POS: x=665.281, y=472.312, z=1.5; VEL:-12.6723, y=-1.94035, z=0
+17000000000.0ns POS: x=730.978, y=537.215, z=1.5; VEL:1.76007, y=-13.778, z=0
+17999908453.0ns POS: x=727.78, y=558.62, z=1.5; VEL:0, y=0, z=0
+18000000000.0ns POS: x=707.392, y=478.76, z=1.5; VEL:-9.28219, y=-1.41881, z=0
+18000000000.0ns POS: x=727.78, y=558.62, z=1.5; VEL:1.81928, y=-12.2052, z=0
+18000000000.0ns POS: x=652.609, y=470.371, z=1.5; VEL:-13.3668, y=-2.02953, z=0
+18000000000.0ns POS: x=732.738, y=523.437, z=1.5; VEL:1.74035, y=-14.0123, z=0
+19000000000.0ns POS: x=698.11, y=477.342, z=1.5; VEL:-10.2995, y=-1.57992, z=0
+19000000000.0ns POS: x=729.599, y=546.415, z=1.5; VEL:1.96971, y=-13.5779, z=0
+19000000000.0ns POS: x=639.242, y=468.342, z=1.5; VEL:-13.3509, y=-1.71039, z=0
+19000000000.0ns POS: x=734.478, y=509.424, z=1.5; VEL:1.65965, y=-13.3472, z=0
+20000000000.0ns POS: x=687.81, y=475.762, z=1.5; VEL:-11.0024, y=-1.68038, z=0
+20000000000.0ns POS: x=731.569, y=532.837, z=1.5; VEL:1.41046, y=-11.3326, z=0
+20000000000.0ns POS: x=625.891, y=466.631, z=1.5; VEL:-13.3207, y=-1.71008, z=0
+20000000000.0ns POS: x=736.138, y=496.077, z=1.5; VEL:1.78994, y=-14.4395, z=0
+21000000000.0ns POS: x=676.808, y=474.081, z=1.5; VEL:-11.91, y=-1.83153, z=0
+21000000000.0ns POS: x=732.979, y=521.504, z=1.5; VEL:1.59025, y=-12.852, z=0
+21000000000.0ns POS: x=612.57, y=464.921, z=1.5; VEL:-13.273, y=-1.68911, z=0
+21000000000.0ns POS: x=737.928, y=481.638, z=1.5; VEL:1.7402, y=-13.9317, z=0
+21999830022.0ns POS: x=664.9, y=472.25, z=1.5; VEL:0, y=0, z=0
+22000000000.0ns POS: x=664.9, y=472.25, z=1.5; VEL:-12.6925, y=-1.94039, z=0
+22000000000.0ns POS: x=734.57, y=508.652, z=1.5; VEL:1.63977, y=-13.1481, z=0
+22000000000.0ns POS: x=599.297, y=463.232, z=1.5; VEL:-13.39, y=-1.71998, z=0
+22000000000.0ns POS: x=739.668, y=467.706, z=1.5; VEL:1.749, y=-14.0919, z=0
+22999800120.0ns POS: x=652.21, y=470.31, z=1.5; VEL:0, y=0, z=0
+23000000000.0ns POS: x=652.21, y=470.31, z=1.5; VEL:-13.5271, y=-2.03956, z=0
+23000000000.0ns POS: x=736.209, y=495.504, z=1.5; VEL:1.53932, y=-12.3645, z=0
+23000000000.0ns POS: x=585.907, y=461.512, z=1.5; VEL:-13.8171, y=-1.76964, z=0
+23000000000.0ns POS: x=741.417, y=453.614, z=1.5; VEL:1.41025, y=-11.2822, z=0
+24000000000.0ns POS: x=638.683, y=468.27, z=1.5; VEL:-13.2312, y=-1.70022, z=0
+24000000000.0ns POS: x=737.749, y=483.14, z=1.5; VEL:1.51085, y=-12.1968, z=0
+24000000000.0ns POS: x=572.09, y=459.743, z=1.5; VEL:-13.5298, y=-1.72998, z=0
+24000000000.0ns POS: x=742.827, y=442.332, z=1.5; VEL:0.631724, y=-6.84089, z=0
+25000000000.0ns POS: x=625.452, y=466.57, z=1.5; VEL:-13.5198, y=-1.72997, z=0
+25000000000.0ns POS: x=739.26, y=470.943, z=1.5; VEL:1.65958, y=-13.2767, z=0
+25000000000.0ns POS: x=558.56, y=458.013, z=1.5; VEL:-13.1041, y=-1.66926, z=0
+25000000000.0ns POS: x=743.459, y=435.491, z=1.5; VEL:-2.86182, y=-6.73739, z=0
+25950085719.0ns POS: x=740.74, y=429.09, z=1.5; VEL:0, y=0, z=0
+26000000000.0ns POS: x=611.932, y=464.84, z=1.5; VEL:-13.3322, y=-1.699, z=0
+26000000000.0ns POS: x=740.919, y=457.666, z=1.5; VEL:1.67082, y=-13.4466, z=0
+26000000000.0ns POS: x=545.456, y=456.343, z=1.5; VEL:-9.86864, y=-1.26979, z=0
+26000000000.0ns POS: x=740.74, y=429.09, z=1.5; VEL:-6.92539, y=-2.30846, z=0
+26983338395.0ns POS: x=733.93, y=426.82, z=1.5; VEL:0, y=0, z=0
+26999975867.0ns POS: x=742.59, y=444.22, z=1.5; VEL:0, y=0, z=0
+27000000000.0ns POS: x=598.6, y=463.141, z=1.5; VEL:-13.4505, y=-1.72006, z=0
+27000000000.0ns POS: x=742.59, y=444.22, z=1.5; VEL:0.749234, y=-6.05381, z=0
+27000000000.0ns POS: x=535.587, y=455.074, z=1.5; VEL:-5.08555, y=-3.83589, z=0
+27000000000.0ns POS: x=733.93, y=426.82, z=1.5; VEL:-8.59376, y=-1.22053, z=0
+27939425783.0ns POS: x=530.81, y=451.47, z=1.5; VEL:0, y=0, z=0
+27999562567.0ns POS: x=725.34, y=425.6, z=1.5; VEL:0, y=0, z=0
+28000000000.0ns POS: x=585.149, y=461.421, z=1.5; VEL:-13.3309, y=-1.70883, z=0
+28000000000.0ns POS: x=743.339, y=438.166, z=1.5; VEL:0.0908288, y=-4.00897, z=0
+28000000000.0ns POS: x=530.81, y=451.47, z=1.5; VEL:0.392304, y=-6.49817, z=0
+28000000000.0ns POS: x=725.34, y=425.6, z=1.5; VEL:-9.90149, y=-1.40021, z=0
+28994126227.0ns POS: x=531.2, y=445.01, z=1.5; VEL:0, y=0, z=0
+28999305584.0ns POS: x=743.43, y=434.16, z=1.5; VEL:0, y=0, z=0
+28999849988.0ns POS: x=715.44, y=424.2, z=1.5; VEL:0, y=0, z=0
+29000000000.0ns POS: x=571.818, y=459.712, z=1.5; VEL:-13.7779, y=-1.76102, z=0
+29000000000.0ns POS: x=743.43, y=434.16, z=1.5; VEL:-4.76198, y=-6.57708, z=0
+29000000000.0ns POS: x=531.2, y=445.01, z=1.5; VEL:0.979443, y=-7.43577, z=0
+29000000000.0ns POS: x=715.44, y=424.2, z=1.5; VEL:-11.3262, y=-1.60946, z=0
+29936585868.0ns POS: x=738.97, y=428, z=1.5; VEL:0, y=0, z=0
+30000000000.0ns POS: x=558.04, y=457.951, z=1.5; VEL:-12.8356, y=-1.64071, z=0
+30000000000.0ns POS: x=738.97, y=428, z=1.5; VEL:-5.63999, y=-1.26448, z=0
+30000000000.0ns POS: x=532.179, y=437.574, z=1.5; VEL:1.07004, y=-8.18031, z=0
+30000000000.0ns POS: x=704.114, y=422.591, z=1.5; VEL:-13.852, y=-1.96028, z=0
+30996455686.0ns POS: x=733.35, y=426.74, z=1.5; VEL:0, y=0, z=0
+31000000000.0ns POS: x=545.205, y=456.311, z=1.5; VEL:-9.38368, y=-1.19919, z=0
+31000000000.0ns POS: x=733.35, y=426.74, z=1.5; VEL:-9.57401, y=-1.35915, z=0
+31000000000.0ns POS: x=533.249, y=429.394, z=1.5; VEL:1.20877, y=-9.17068, z=0
+31000000000.0ns POS: x=690.262, y=420.63, z=1.5; VEL:-14.4048, y=-2.05068, z=0
+31999794221.0ns POS: x=675.86, y=418.58, z=1.5; VEL:0, y=0, z=0
+32000000000.0ns POS: x=535.821, y=455.111, z=1.5; VEL:-5.16033, y=-3.49054, z=0
+32000000000.0ns POS: x=723.776, y=425.381, z=1.5; VEL:-12.921, y=-1.83015, z=0
+32000000000.0ns POS: x=534.458, y=420.223, z=1.5; VEL:1.30067, y=-9.91505, z=0
+32000000000.0ns POS: x=675.86, y=418.58, z=1.5; VEL:-13.4855, y=-1.90936, z=0
+32940092923.0ns POS: x=530.97, y=451.83, z=1.5; VEL:0, y=0, z=0
+33000000000.0ns POS: x=530.97, y=451.83, z=1.5; VEL:0.151879, y=-6.31817, z=0
+33000000000.0ns POS: x=710.855, y=423.551, z=1.5; VEL:-11.8705, y=-1.68864, z=0
+33000000000.0ns POS: x=535.759, y=410.308, z=1.5; VEL:1.3912, y=-10.6092, z=0
+33000000000.0ns POS: x=662.374, y=416.671, z=1.5; VEL:-13.8017, y=-1.95882, z=0
+33987626997.0ns POS: x=531.12, y=445.59, z=1.5; VEL:0, y=0, z=0
+33999906818.0ns POS: x=537.15, y=399.7, z=1.5; VEL:0, y=0, z=0
+34000000000.0ns POS: x=531.12, y=445.59, z=1.5; VEL:0.939767, y=-7.11823, z=0
+34000000000.0ns POS: x=698.984, y=421.862, z=1.5; VEL:-12.7521, y=-1.81031, z=0
+34000000000.0ns POS: x=537.15, y=399.7, z=1.5; VEL:1.561, y=-11.8476, z=0
+34000000000.0ns POS: x=648.573, y=414.712, z=1.5; VEL:-13.5142, y=-1.9206, z=0
+34999357998.0ns POS: x=538.71, y=387.86, z=1.5; VEL:0, y=0, z=0
+35000000000.0ns POS: x=532.06, y=438.472, z=1.5; VEL:1.07001, y=-8.15006, z=0
+35000000000.0ns POS: x=686.232, y=420.052, z=1.5; VEL:-13.3065, y=-1.8895, z=0
+35000000000.0ns POS: x=538.71, y=387.86, z=1.5; VEL:1.71967, y=-13.0875, z=0
+35000000000.0ns POS: x=635.059, y=412.791, z=1.5; VEL:-13.9112, y=-1.97017, z=0
+36000000000.0ns POS: x=533.13, y=430.322, z=1.5; VEL:1.21009, y=-9.19068, z=0
+36000000000.0ns POS: x=672.926, y=418.162, z=1.5; VEL:-14.0498, y=-1.98997, z=0
+36000000000.0ns POS: x=540.43, y=374.772, z=1.5; VEL:1.78908, y=-13.623, z=0
+36000000000.0ns POS: x=621.147, y=410.821, z=1.5; VEL:-13.3657, y=-1.89939, z=0
+37000000000.0ns POS: x=534.34, y=421.131, z=1.5; VEL:1.33899, y=-10.1823, z=0
+37000000000.0ns POS: x=658.876, y=416.172, z=1.5; VEL:-12.7232, y=-1.80046, z=0
+37000000000.0ns POS: x=542.219, y=361.149, z=1.5; VEL:1.73096, y=-13.2373, z=0
+37000000000.0ns POS: x=607.782, y=408.922, z=1.5; VEL:-14.3371, y=-2.02959, z=0
+38000000000.0ns POS: x=535.679, y=410.949, z=1.5; VEL:1.48175, y=-11.3033, z=0
+38000000000.0ns POS: x=646.153, y=414.372, z=1.5; VEL:-12.3164, y=-1.74948, z=0
+38000000000.0ns POS: x=543.95, y=347.912, z=1.5; VEL:1.80886, y=-13.7314, z=0
+38000000000.0ns POS: x=593.445, y=406.892, z=1.5; VEL:-13.5445, y=-1.92064, z=0
+38999592806.0ns POS: x=537.16, y=399.65, z=1.5; VEL:0, y=0, z=0
+39000000000.0ns POS: x=537.16, y=399.65, z=1.5; VEL:1.60933, y=-12.2649, z=0
+39000000000.0ns POS: x=633.836, y=412.622, z=1.5; VEL:-14.0397, y=-1.98996, z=0
+39000000000.0ns POS: x=545.759, y=334.181, z=1.5; VEL:1.74942, y=-13.3156, z=0
+39000000000.0ns POS: x=579.9, y=404.971, z=1.5; VEL:-14.3054, y=-2.03933, z=0
+40000000000.0ns POS: x=538.769, y=387.385, z=1.5; VEL:1.7309, y=-13.1869, z=0
+40000000000.0ns POS: x=619.797, y=410.632, z=1.5; VEL:-14.0195, y=-1.98992, z=0
+40000000000.0ns POS: x=547.508, y=320.865, z=1.5; VEL:1.74958, y=-13.4467, z=0
+40000000000.0ns POS: x=565.595, y=402.932, z=1.5; VEL:-14.07, y=-1.99001, z=0
+40999867018.0ns POS: x=540.5, y=374.2, z=1.5; VEL:0, y=0, z=0
+41000000000.0ns POS: x=540.5, y=374.2, z=1.5; VEL:1.76922, y=-13.4441, z=0
+41000000000.0ns POS: x=605.777, y=408.642, z=1.5; VEL:-12.2166, y=-1.74093, z=0
+41000000000.0ns POS: x=549.258, y=307.419, z=1.5; VEL:1.73972, y=-13.4278, z=0
+41001052743.0ns POS: x=551.51, y=400.94, z=1.5; VEL:0, y=0, z=0
+42000000000.0ns POS: x=542.269, y=360.756, z=1.5; VEL:1.77924, y=-13.6041, z=0
+42000000000.0ns POS: x=593.561, y=406.902, z=1.5; VEL:-11.8127, y=-1.66898, z=0
+42000000000.0ns POS: x=550.997, y=293.991, z=1.5; VEL:1.70015, y=-13.2111, z=0
+43000000000.0ns POS: x=544.048, y=347.152, z=1.5; VEL:1.81016, y=-13.7413, z=0
+43000000000.0ns POS: x=581.748, y=405.233, z=1.5; VEL:-12.6627, y=-1.80036, z=0
+43000000000.0ns POS: x=552.697, y=280.78, z=1.5; VEL:1.77945, y=-13.8058, z=0
+44000000000.0ns POS: x=545.859, y=333.41, z=1.5; VEL:1.74946, y=-13.3458, z=0
+44000000000.0ns POS: x=569.085, y=403.432, z=1.5; VEL:-11.8515, y=-1.68022, z=0
+44000000000.0ns POS: x=554.477, y=266.974, z=1.5; VEL:1.73112, y=-13.4087, z=0
+45000000000.0ns POS: x=547.608, y=320.065, z=1.5; VEL:1.75946, y=-13.4958, z=0
+45000000000.0ns POS: x=557.234, y=401.752, z=1.5; VEL:-13.5837, y=-1.9291, z=0
+45000000000.0ns POS: x=556.208, y=253.565, z=1.5; VEL:1.76964, y=-13.8071, z=0
+46000000000.0ns POS: x=549.368, y=306.569, z=1.5; VEL:1.73976, y=-13.458, z=0
+46000000000.0ns POS: x=557.978, y=239.758, z=1.5; VEL:1.74967, y=-13.5576, z=0
+46001485008.0ns POS: x=543.63, y=399.82, z=1.5; VEL:0, y=0, z=0
+47000000000.0ns POS: x=551.107, y=293.111, z=1.5; VEL:1.741, y=-13.4478, z=0
+47000000000.0ns POS: x=559.727, y=226.201, z=1.5; VEL:1.61952, y=-12.5862, z=0
+48000000000.0ns POS: x=552.848, y=279.663, z=1.5; VEL:1.69886, y=-13.1911, z=0
+48000000000.0ns POS: x=561.347, y=213.614, z=1.5; VEL:1.1594, y=-8.97543, z=0
+49000000000.0ns POS: x=554.547, y=266.472, z=1.5; VEL:1.71008, y=-13.3106, z=0
+49000000000.0ns POS: x=562.506, y=204.639, z=1.5; VEL:0.659724, y=-5.12773, z=0
+50000000000.0ns POS: x=556.257, y=253.161, z=1.5; VEL:1.70012, y=-13.201, z=0
+50000000000.0ns POS: x=563.166, y=199.511, z=1.5; VEL:0.283156, y=-5.91322, z=0
+51000000000.0ns POS: x=557.957, y=239.96, z=1.5; VEL:1.76097, y=-13.7275, z=0
+51000000000.0ns POS: x=563.449, y=193.598, z=1.5; VEL:-4.08049, y=-5.82251, z=0
+51958005982.0ns POS: x=559.54, y=188.02, z=1.5; VEL:0, y=0, z=0
+52000000000.0ns POS: x=559.718, y=226.233, z=1.5; VEL:1.6889, y=-13.0915, z=0
+52000000000.0ns POS: x=559.54, y=188.02, z=1.5; VEL:-7.56731, y=-1.62587, z=0
+52996391274.0ns POS: x=552, y=186.4, z=1.5; VEL:0, y=0, z=0
+53000000000.0ns POS: x=561.407, y=213.141, z=1.5; VEL:1.16943, y=-9.12537, z=0
+53000000000.0ns POS: x=552, y=186.4, z=1.5; VEL:-8.48287, y=-1.21897, z=0
+53000000000.0ns POS: x=2174.93, y=481.4, z=1.5; VEL:0, y=0, z=0
+53000000000.0ns POS: x=424.29, y=92.44, z=1.5; VEL:0, y=0, z=0
+54000000000.0ns POS: x=562.577, y=204.016, z=1.5; VEL:0.680739, y=-5.24602, z=0
+54000000000.0ns POS: x=543.517, y=185.181, z=1.5; VEL:-9.65181, y=-1.38026, z=0
+54000000000.0ns POS: x=2174.93, y=481.4, z=1.5; VEL:-0.936286, y=0.517946, z=0
+54000000000.0ns POS: x=424.29, y=92.44, z=1.5; VEL:1.53422, y=0.220607, z=0
+54997249077.0ns POS: x=425.82, y=92.66, z=1.5; VEL:0, y=0, z=0
+55000000000.0ns POS: x=563.257, y=198.77, z=1.5; VEL:-0.0879405, y=-6.37939, z=0
+55000000000.0ns POS: x=533.865, y=183.801, z=1.5; VEL:-10.9278, y=-1.56969, z=0
+55000000000.0ns POS: x=2173.99, y=481.918, z=1.5; VEL:-1.55648, y=0.863587, z=0
+55000000000.0ns POS: x=425.82, y=92.66, z=1.5; VEL:3.15673, y=0.459524, z=0
+55993832801.0ns POS: x=563.17, y=192.43, z=1.5; VEL:0, y=0, z=0
+55998225214.0ns POS: x=2172.44, y=482.78, z=1.5; VEL:0, y=0, z=0
+56000000000.0ns POS: x=563.17, y=192.43, z=1.5; VEL:-5.28969, y=-5.08869, z=0
+56000000000.0ns POS: x=522.937, y=182.231, z=1.5; VEL:-12.1358, y=-1.74083, z=0
+56000000000.0ns POS: x=2172.44, y=482.78, z=1.5; VEL:-2.05114, y=1.49814, z=0
+56000000000.0ns POS: x=428.977, y=93.1195, z=1.5; VEL:5.00854, y=0.719797, z=0
+56945234121.0ns POS: x=558.17, y=187.62, z=1.5; VEL:0, y=0, z=0
+56994567985.0ns POS: x=2170.4, y=484.27, z=1.5; VEL:0, y=0, z=0
+57000000000.0ns POS: x=558.17, y=187.62, z=1.5; VEL:-7.41841, y=-1.40348, z=0
+57000000000.0ns POS: x=510.802, y=180.49, z=1.5; VEL:-13.3524, y=-1.92179, z=0
+57000000000.0ns POS: x=2170.4, y=484.27, z=1.5; VEL:-2.4785, y=2.26862, z=0
+57000000000.0ns POS: x=433.985, y=93.8393, z=1.5; VEL:6.51246, y=0.940352, z=0
+57997518960.0ns POS: x=550.77, y=186.22, z=1.5; VEL:0, y=0, z=0
+57999198690.0ns POS: x=497.46, y=178.57, z=1.5; VEL:0, y=0, z=0
+58000000000.0ns POS: x=550.77, y=186.22, z=1.5; VEL:-8.54326, y=-1.22047, z=0
+58000000000.0ns POS: x=497.46, y=178.57, z=1.5; VEL:-13.2243, y=-1.89918, z=0
+58000000000.0ns POS: x=2167.92, y=486.539, z=1.5; VEL:-3.18938, y=2.92861, z=0
+58000000000.0ns POS: x=440.498, y=94.7797, z=1.5; VEL:8.53196, y=1.22884, z=0
+58997530190.0ns POS: x=2164.74, y=489.46, z=1.5; VEL:0, y=0, z=0
+58999617929.0ns POS: x=542.23, y=185, z=1.5; VEL:0, y=0, z=0
+59000000000.0ns POS: x=542.23, y=185, z=1.5; VEL:-9.6908, y=-1.39012, z=0
+59000000000.0ns POS: x=484.236, y=176.671, z=1.5; VEL:-13.7294, y=-1.96991, z=0
+59000000000.0ns POS: x=2164.74, y=489.46, z=1.5; VEL:-3.96786, y=3.64804, z=0
+59000000000.0ns POS: x=449.03, y=96.0085, z=1.5; VEL:10.6305, y=1.53007, z=0
+59999917049.0ns POS: x=532.54, y=183.61, z=1.5; VEL:0, y=0, z=0
+60000000000.0ns POS: x=532.54, y=183.61, z=1.5; VEL:-10.6305, y=-1.53006, z=0
+60000000000.0ns POS: x=470.506, y=174.701, z=1.5; VEL:-13.194, y=-1.89914, z=0
+60000000000.0ns POS: x=2160.77, y=493.108, z=1.5; VEL:-4.59361, y=4.22331, z=0
+60000000000.0ns POS: x=459.66, y=97.5386, z=1.5; VEL:11.7085, y=1.69122, z=0
+60999680286.0ns POS: x=2156.18, y=497.33, z=1.5; VEL:0, y=0, z=0
+60999957518.0ns POS: x=521.91, y=182.08, z=1.5; VEL:0, y=0, z=0
+61000000000.0ns POS: x=521.91, y=182.08, z=1.5; VEL:-11.6798, y=-1.67997, z=0
+61000000000.0ns POS: x=457.312, y=172.802, z=1.5; VEL:-13.3425, y=-1.92036, z=0
+61000000000.0ns POS: x=2156.18, y=497.33, z=1.5; VEL:-5.20462, y=4.78506, z=0
+61000000000.0ns POS: x=471.369, y=99.2298, z=1.5; VEL:12.3425, y=1.77891, z=0
+62000000000.0ns POS: x=510.23, y=180.4, z=1.5; VEL:-12.8085, y=-1.83979, z=0
+62000000000.0ns POS: x=443.97, y=170.881, z=1.5; VEL:-13.214, y=-1.90058, z=0
+62000000000.0ns POS: x=2150.98, y=502.115, z=1.5; VEL:-6.0593, y=5.56936, z=0
+62000000000.0ns POS: x=483.711, y=101.009, z=1.5; VEL:12.5398, y=1.81142, z=0
+62999925447.0ns POS: x=496.25, y=102.82, z=1.5; VEL:0, y=0, z=0
+63000000000.0ns POS: x=497.422, y=178.56, z=1.5; VEL:-13.611, y=-1.95014, z=0
+63000000000.0ns POS: x=430.756, y=168.981, z=1.5; VEL:-10.8395, y=-1.55137, z=0
+63000000000.0ns POS: x=2144.92, y=507.684, z=1.5; VEL:-6.68266, y=6.13245, z=0
+63000000000.0ns POS: x=496.25, y=102.82, z=1.5; VEL:11.6699, y=1.67855, z=0
+63999647968.0ns POS: x=419.92, y=167.43, z=1.5; VEL:0, y=0, z=0
+64000000000.0ns POS: x=483.811, y=176.61, z=1.5; VEL:-13.2243, y=-1.89918, z=0
+64000000000.0ns POS: x=419.92, y=167.43, z=1.5; VEL:-7.00764, y=-1.00966, z=0
+64000000000.0ns POS: x=2138.23, y=513.817, z=1.5; VEL:-7.15684, y=6.57709, z=0
+64000000000.0ns POS: x=507.92, y=104.499, z=1.5; VEL:12.7768, y=1.84953, z=0
+65000000000.0ns POS: x=470.586, y=174.711, z=1.5; VEL:-13.3627, y=-1.92039, z=0
+65000000000.0ns POS: x=412.912, y=166.42, z=1.5; VEL:-6.71288, y=-3.87295, z=0
+65000000000.0ns POS: x=2131.08, y=520.394, z=1.5; VEL:-8.06104, y=7.41095, z=0
+65000000000.0ns POS: x=520.697, y=106.348, z=1.5; VEL:12.4809, y=1.80013, z=0
+65937356907.0ns POS: x=406.62, y=162.79, z=1.5; VEL:0, y=0, z=0
+66000000000.0ns POS: x=457.224, y=172.791, z=1.5; VEL:-13.5304, y=-1.94862, z=0
+66000000000.0ns POS: x=2170.76, y=483.93, z=1.5; VEL:0, y=0, z=0
+66000000000.0ns POS: x=421.52, y=92.04, z=1.5; VEL:0, y=0, z=0
+66000000000.0ns POS: x=406.62, y=162.79, z=1.5; VEL:-3.11747, y=-8.17581, z=0
+66000000000.0ns POS: x=2123.02, y=527.805, z=1.5; VEL:-8.09232, y=7.33217, z=0
+66000000000.0ns POS: x=533.178, y=108.148, z=1.5; VEL:12.719, y=1.82987, z=0
+66994396709.0ns POS: x=403.52, y=154.66, z=1.5; VEL:0, y=0, z=0
+67000000000.0ns POS: x=443.693, y=170.842, z=1.5; VEL:-13.1649, y=-1.89071, z=0
+67000000000.0ns POS: x=2170.76, y=483.93, z=1.5; VEL:-0.597095, y=0.547337, z=0
+67000000000.0ns POS: x=421.52, y=92.04, z=1.5; VEL:4.58266, y=0.660384, z=0
+67000000000.0ns POS: x=403.52, y=154.66, z=1.5; VEL:-3.57621, y=-8.76879, z=0
+67000000000.0ns POS: x=2114.92, y=535.137, z=1.5; VEL:-8.6388, y=7.4691, z=0
+67000000000.0ns POS: x=545.897, y=109.978, z=1.5; VEL:12.3223, y=1.77888, z=0
+67989874687.0ns POS: x=399.98, y=145.98, z=1.5; VEL:0, y=0, z=0
+67999419056.0ns POS: x=426.1, y=92.7, z=1.5; VEL:0, y=0, z=0
+68000000000.0ns POS: x=430.528, y=168.951, z=1.5; VEL:-10.5222, y=-1.51031, z=0
+68000000000.0ns POS: x=2170.16, y=484.477, z=1.5; VEL:-1.376, y=1.26631, z=0
+68000000000.0ns POS: x=426.1, y=92.7, z=1.5; VEL:10.4921, y=1.50886, z=0
+68000000000.0ns POS: x=399.98, y=145.98, z=1.5; VEL:-10, y=-3.75, z=0
+68000000000.0ns POS: x=2106.28, y=542.606, z=1.5; VEL:-8.51598, y=7.36652, z=0
+68000000000.0ns POS: x=558.219, y=111.757, z=1.5; VEL:11.6986, y=1.68979, z=0
+68944000413.0ns POS: x=390.54, y=142.44, z=1.5; VEL:0, y=0, z=0
+69000000000.0ns POS: x=420.006, y=167.441, z=1.5; VEL:-6.76075, y=-0.970108, z=0
+69000000000.0ns POS: x=2168.79, y=485.744, z=1.5; VEL:-2.24259, y=2.05241, z=0
+69000000000.0ns POS: x=436.592, y=94.2089, z=1.5; VEL:9.5015, y=1.37166, z=0
+69000000000.0ns POS: x=390.54, y=142.44, z=1.5; VEL:-11.5605, y=-1.52006, z=0
+69000000000.0ns POS: x=2097.77, y=549.973, z=1.5; VEL:-8.67468, y=7.50405, z=0
+69000000000.0ns POS: x=569.917, y=113.447, z=1.5; VEL:11.9164, y=1.72092, z=0
+69999624888.0ns POS: x=446.09, y=95.58, z=1.5; VEL:0, y=0, z=0
+69999957338.0ns POS: x=378.98, y=140.92, z=1.5; VEL:0, y=0, z=0
+70000000000.0ns POS: x=413.245, y=166.471, z=1.5; VEL:-6.75798, y=-3.56362, z=0
+70000000000.0ns POS: x=2166.54, y=487.796, z=1.5; VEL:-2.98133, y=2.7412, z=0
+70000000000.0ns POS: x=446.09, y=95.58, z=1.5; VEL:8.79884, y=1.26983, z=0
+70000000000.0ns POS: x=378.98, y=140.92, z=1.5; VEL:-12.7916, y=-1.6689, z=0
+70000000000.0ns POS: x=2089.09, y=557.477, z=1.5; VEL:-9.06361, y=6.17996, z=0
+70000000000.0ns POS: x=581.834, y=115.168, z=1.5; VEL:12.3627, y=1.77895, z=0
+70937466865.0ns POS: x=406.91, y=163.13, z=1.5; VEL:0, y=0, z=0
+70998912863.0ns POS: x=2080.04, y=563.65, z=1.5; VEL:0, y=0, z=0
+71000000000.0ns POS: x=406.91, y=163.13, z=1.5; VEL:-3.21065, y=-7.94586, z=0
+71000000000.0ns POS: x=2163.56, y=490.537, z=1.5; VEL:-3.64226, y=3.35208, z=0
+71000000000.0ns POS: x=454.889, y=96.8498, z=1.5; VEL:10.085, y=1.45927, z=0
+71000000000.0ns POS: x=366.188, y=139.251, z=1.5; VEL:-13.2362, y=-1.73949, z=0
+71000000000.0ns POS: x=2080.04, y=563.65, z=1.5; VEL:-9.29958, y=5.94973, z=0
+71000000000.0ns POS: x=594.197, y=116.947, z=1.5; VEL:12.54, y=1.81, z=0
+71990453431.0ns POS: x=403.73, y=155.26, z=1.5; VEL:0, y=0, z=0
+72000000000.0ns POS: x=403.73, y=155.26, z=1.5; VEL:-3.46169, y=-8.9863, z=0
+72000000000.0ns POS: x=2159.92, y=493.889, z=1.5; VEL:-4.11207, y=3.7719, z=0
+72000000000.0ns POS: x=464.974, y=98.3091, z=1.5; VEL:9.80899, y=1.4113, z=0
+72000000000.0ns POS: x=352.952, y=137.512, z=1.5; VEL:-13.7325, y=-1.80033, z=0
+72000000000.0ns POS: x=2070.74, y=569.6, z=1.5; VEL:-9.26789, y=5.92505, z=0
+72000000000.0ns POS: x=606.737, y=118.757, z=1.5; VEL:11.8269, y=1.71099, z=0
+72993734747.0ns POS: x=400.29, y=146.33, z=1.5; VEL:0, y=0, z=0
+72999193274.0ns POS: x=2061.48, y=575.52, z=1.5; VEL:0, y=0, z=0
+72999672550.0ns POS: x=2155.81, y=497.66, z=1.5; VEL:0, y=0, z=0
+72999714028.0ns POS: x=474.78, y=99.72, z=1.5; VEL:0, y=0, z=0
+73000000000.0ns POS: x=400.29, y=146.33, z=1.5; VEL:-9.59563, y=-4.03634, z=0
+73000000000.0ns POS: x=2155.81, y=497.66, z=1.5; VEL:-4.8106, y=4.43055, z=0
+73000000000.0ns POS: x=474.78, y=99.72, z=1.5; VEL:10.1355, y=1.45935, z=0
+73000000000.0ns POS: x=339.22, y=135.711, z=1.5; VEL:-13.2664, y=-1.73953, z=0
+73000000000.0ns POS: x=2061.48, y=575.52, z=1.5; VEL:-10.8372, y=1.49618, z=0
+73000000000.0ns POS: x=618.563, y=120.468, z=1.5; VEL:12.195, y=1.75073, z=0
+73938969390.0ns POS: x=391.28, y=142.54, z=1.5; VEL:0, y=0, z=0
+73989184820.0ns POS: x=2050.76, y=577, z=1.5; VEL:0, y=0, z=0
+73999876078.0ns POS: x=2151, y=502.09, z=1.5; VEL:0, y=0, z=0
+74000000000.0ns POS: x=391.28, y=142.54, z=1.5; VEL:-11.2732, y=-1.48042, z=0
+74000000000.0ns POS: x=2151, y=502.09, z=1.5; VEL:-5.25415, y=4.83462, z=0
+74000000000.0ns POS: x=484.915, y=101.179, z=1.5; VEL:9.4312, y=1.36872, z=0
+74000000000.0ns POS: x=325.953, y=133.972, z=1.5; VEL:-13.2476, y=-1.72969, z=0
+74000000000.0ns POS: x=2050.76, y=577, z=1.5; VEL:-11.4556, y=1.00961, z=0
+74000000000.0ns POS: x=630.758, y=122.218, z=1.5; VEL:11.9763, y=1.57964, z=0
+74999715299.0ns POS: x=380.01, y=141.06, z=1.5; VEL:0, y=0, z=0
+75000000000.0ns POS: x=380.01, y=141.06, z=1.5; VEL:-12.4539, y=-1.6292, z=0
+75000000000.0ns POS: x=2145.75, y=506.925, z=1.5; VEL:-5.93201, y=5.44186, z=0
+75000000000.0ns POS: x=494.347, y=102.548, z=1.5; VEL:10.2551, y=1.47075, z=0
+75000000000.0ns POS: x=312.706, y=132.242, z=1.5; VEL:-13.3257, y=-1.74942, z=0
+75000000000.0ns POS: x=2039.3, y=578.01, z=1.5; VEL:-11.1378, y=0.970682, z=0
+75000000000.0ns POS: x=642.735, y=123.798, z=1.5; VEL:12.12, y=1.56005, z=0
+75999696741.0ns POS: x=2028.17, y=578.98, z=1.5; VEL:0, y=0, z=0
+76000000000.0ns POS: x=367.556, y=139.431, z=1.5; VEL:-13.0976, y=-1.71968, z=0
+76000000000.0ns POS: x=2139.81, y=512.366, z=1.5; VEL:-6.803, y=6.25275, z=0
+76000000000.0ns POS: x=504.602, y=104.019, z=1.5; VEL:9.34291, y=1.35041, z=0
+76000000000.0ns POS: x=299.38, y=130.493, z=1.5; VEL:-13.5649, y=-1.77066, z=0
+76000000000.0ns POS: x=2028.17, y=578.98, z=1.5; VEL:-11.0083, y=0.958981, z=0
+76000000000.0ns POS: x=654.855, y=125.358, z=1.5; VEL:12.7135, y=1.64914, z=0
+77000000000.0ns POS: x=354.459, y=137.711, z=1.5; VEL:-13.7629, y=-1.79908, z=0
+77000000000.0ns POS: x=2133.01, y=518.619, z=1.5; VEL:-7.27478, y=6.6852, z=0
+77000000000.0ns POS: x=513.945, y=105.369, z=1.5; VEL:11.2438, y=1.62055, z=0
+77000000000.0ns POS: x=285.815, y=128.722, z=1.5; VEL:-13.4151, y=-1.75935, z=0
+77000000000.0ns POS: x=2017.16, y=579.939, z=1.5; VEL:-11.3268, y=0.989721, z=0
+77000000000.0ns POS: x=667.568, y=127.007, z=1.5; VEL:12.2196, y=1.56997, z=0
+78000000000.0ns POS: x=340.696, y=135.912, z=1.5; VEL:-13.7224, y=-1.80031, z=0
+78000000000.0ns POS: x=2125.74, y=525.304, z=1.5; VEL:-7.90551, y=7.25506, z=0
+78000000000.0ns POS: x=525.188, y=106.99, z=1.5; VEL:10.0646, y=1.46066, z=0
+78000000000.0ns POS: x=272.4, y=126.963, z=1.5; VEL:-13.5436, y=-1.77916, z=0
+78000000000.0ns POS: x=2005.83, y=580.929, z=1.5; VEL:-11.0474, y=0.970647, z=0
+78000000000.0ns POS: x=679.788, y=128.577, z=1.5; VEL:12.2473, y=1.58962, z=0
+78999698376.0ns POS: x=535.25, y=108.45, z=1.5; VEL:0, y=0, z=0
+79000000000.0ns POS: x=326.973, y=134.112, z=1.5; VEL:-13.386, y=-1.75079, z=0
+79000000000.0ns POS: x=2117.83, y=532.559, z=1.5; VEL:-7.98782, y=6.96812, z=0
+79000000000.0ns POS: x=535.25, y=108.45, z=1.5; VEL:10.0272, y=1.4396, z=0
+79000000000.0ns POS: x=258.856, y=125.183, z=1.5; VEL:-13.7831, y=-1.79912, z=0
+79000000000.0ns POS: x=1994.79, y=581.899, z=1.5; VEL:-11.4364, y=0.999688, z=0
+79000000000.0ns POS: x=692.035, y=130.167, z=1.5; VEL:12.3971, y=1.60093, z=0
+80000000000.0ns POS: x=313.587, y=132.361, z=1.5; VEL:-13.5636, y=-1.78047, z=0
+80000000000.0ns POS: x=2109.84, y=539.528, z=1.5; VEL:-8.10593, y=7.01515, z=0
+80000000000.0ns POS: x=545.277, y=109.89, z=1.5; VEL:9.6403, y=1.39004, z=0
+80000000000.0ns POS: x=245.073, y=123.384, z=1.5; VEL:-13.4439, y=-1.77048, z=0
+80000000000.0ns POS: x=1983.35, y=582.899, z=1.5; VEL:-11.397, y=0.990616, z=0
+80000000000.0ns POS: x=704.432, y=131.768, z=1.5; VEL:12.6543, y=1.63925, z=0
+80999607013.0ns POS: x=2101.74, y=546.54, z=1.5; VEL:0, y=0, z=0
+81000000000.0ns POS: x=300.024, y=130.58, z=1.5; VEL:-13.4151, y=-1.75936, z=0
+81000000000.0ns POS: x=2101.74, y=546.54, z=1.5; VEL:-8.08392, y=6.99474, z=0
+81000000000.0ns POS: x=554.917, y=111.28, z=1.5; VEL:11.1139, y=1.61056, z=0
+81000000000.0ns POS: x=231.629, y=121.614, z=1.5; VEL:-13.7136, y=-1.7905, z=0
+81000000000.0ns POS: x=1971.95, y=583.89, z=1.5; VEL:-11.2984, y=0.969871, z=0
+81000000000.0ns POS: x=717.086, y=133.407, z=1.5; VEL:12.7839, y=1.65051, z=0
+81999874427.0ns POS: x=566.03, y=112.89, z=1.5; VEL:0, y=0, z=0
+82000000000.0ns POS: x=286.608, y=128.821, z=1.5; VEL:-13.7224, y=-1.80032, z=0
+82000000000.0ns POS: x=2093.66, y=553.535, z=1.5; VEL:-8.5366, y=6.87373, z=0
+82000000000.0ns POS: x=566.03, y=112.89, z=1.5; VEL:11.264, y=1.62058, z=0
+82000000000.0ns POS: x=217.916, y=119.823, z=1.5; VEL:-13.6923, y=-1.79897, z=0
+82000000000.0ns POS: x=1960.66, y=584.86, z=1.5; VEL:-11.3713, y=0.939297, z=0
+82000000000.0ns POS: x=729.87, y=135.057, z=1.5; VEL:12.7348, y=1.64062, z=0
+82998768347.0ns POS: x=2085.13, y=560.4, z=1.5; VEL:0, y=0, z=0
+82999643191.0ns POS: x=577.29, y=114.51, z=1.5; VEL:0, y=0, z=0
+83000000000.0ns POS: x=272.886, y=127.021, z=1.5; VEL:-13.2576, y=-1.7297, z=0
+83000000000.0ns POS: x=2085.13, y=560.4, z=1.5; VEL:-8.93044, y=5.71028, z=0
+83000000000.0ns POS: x=577.29, y=114.51, z=1.5; VEL:9.5508, y=1.38012, z=0
+83000000000.0ns POS: x=204.223, y=118.024, z=1.5; VEL:-13.3066, y=-1.74088, z=0
+83000000000.0ns POS: x=1949.28, y=585.799, z=1.5; VEL:-11.3419, y=0.930166, z=0
+83000000000.0ns POS: x=742.605, y=136.698, z=1.5; VEL:9.52984, y=1.23866, z=0
+83999916235.0ns POS: x=586.84, y=115.89, z=1.5; VEL:0, y=0, z=0
+83999951048.0ns POS: x=2076.2, y=566.11, z=1.5; VEL:0, y=0, z=0
+84000000000.0ns POS: x=259.628, y=125.291, z=1.5; VEL:-13.3356, y=-1.75072, z=0
+84000000000.0ns POS: x=2076.2, y=566.11, z=1.5; VEL:-9.08313, y=5.80561, z=0
+84000000000.0ns POS: x=586.84, y=115.89, z=1.5; VEL:9.90718, y=1.43104, z=0
+84000000000.0ns POS: x=190.917, y=116.284, z=1.5; VEL:-13.2072, y=-1.72963, z=0
+84000000000.0ns POS: x=1937.94, y=586.729, z=1.5; VEL:-11.2123, y=0.920188, z=0
+84000000000.0ns POS: x=752.135, y=137.937, z=1.5; VEL:5.63411, y=0.720578, z=0
+84999275187.0ns POS: x=596.74, y=117.32, z=1.5; VEL:0, y=0, z=0
+85000000000.0ns POS: x=246.293, y=123.54, z=1.5; VEL:-13.5939, y=-1.78051, z=0
+85000000000.0ns POS: x=2067.12, y=571.916, z=1.5; VEL:-9.64626, y=4.58389, z=0
+85000000000.0ns POS: x=596.74, y=117.32, z=1.5; VEL:9.38352, y=1.34907, z=0
+85000000000.0ns POS: x=177.71, y=114.554, z=1.5; VEL:-13.2173, y=-1.72965, z=0
+85000000000.0ns POS: x=1926.73, y=587.649, z=1.5; VEL:-11.0024, y=0.910193, z=0
+85000000000.0ns POS: x=757.769, y=138.657, z=1.5; VEL:5.49976, y=1.33724, z=0
+85978292937.0ns POS: x=2057.68, y=576.4, z=1.5; VEL:0, y=0, z=0
+85996602264.0ns POS: x=763.25, y=139.99, z=1.5; VEL:0, y=0, z=0
+85999922110.0ns POS: x=232.7, y=121.76, z=1.5; VEL:0, y=0, z=0
+86000000000.0ns POS: x=232.7, y=121.76, z=1.5; VEL:-13.6634, y=-1.78913, z=0
+86000000000.0ns POS: x=2057.68, y=576.4, z=1.5; VEL:-10.7589, y=0.940782, z=0
+86000000000.0ns POS: x=606.124, y=118.669, z=1.5; VEL:10.7791, y=1.54988, z=0
+86000000000.0ns POS: x=1915.73, y=588.559, z=1.5; VEL:-11.4615, y=0.940129, z=0
+86000000000.0ns POS: x=763.25, y=139.99, z=1.5; VEL:3.1329, y=4.55695, z=0
+86002445460.0ns POS: x=164.46, y=112.82, z=1.5; VEL:0, y=0, z=0
+86948002118.0ns POS: x=766.22, y=144.31, z=1.5; VEL:0, y=0, z=0
+86999168464.0ns POS: x=2046.93, y=577.34, z=1.5; VEL:0, y=0, z=0
+87000000000.0ns POS: x=219.037, y=119.971, z=1.5; VEL:-13.3356, y=-1.75073, z=0
+87000000000.0ns POS: x=2046.93, y=577.34, z=1.5; VEL:-10.8786, y=0.949879, z=0
+87000000000.0ns POS: x=616.903, y=120.219, z=1.5; VEL:10.8771, y=1.57103, z=0
+87000000000.0ns POS: x=1904.27, y=589.499, z=1.5; VEL:-11.3913, y=0.940102, z=0
+87000000000.0ns POS: x=766.22, y=144.31, z=1.5; VEL:0.300131, y=6.1627, z=0
+87999562539.0ns POS: x=766.52, y=150.47, z=1.5; VEL:0, y=0, z=0
+88000000000.0ns POS: x=205.701, y=118.22, z=1.5; VEL:-13.2474, y=-1.73097, z=0
+88000000000.0ns POS: x=2036.05, y=578.29, z=1.5; VEL:-10.7891, y=0.939925, z=0
+88000000000.0ns POS: x=627.78, y=121.79, z=1.5; VEL:11.4355, y=1.54939, z=0
+88000000000.0ns POS: x=1892.87, y=590.44, z=1.5; VEL:-10.8937, y=0.889494, z=0
+88000000000.0ns POS: x=766.52, y=150.47, z=1.5; VEL:0.199929, y=7.48733, z=0
+88999522813.0ns POS: x=192.46, y=116.49, z=1.5; VEL:0, y=0, z=0
+89000000000.0ns POS: x=192.46, y=116.49, z=1.5; VEL:-13.4542, y=-1.76923, z=0
+89000000000.0ns POS: x=2025.26, y=579.23, z=1.5; VEL:-11.0476, y=0.968911, z=0
+89000000000.0ns POS: x=639.215, y=123.339, z=1.5; VEL:8.85698, y=1.13964, z=0
+89000000000.0ns POS: x=1881.98, y=591.329, z=1.5; VEL:-10.9715, y=0.790937, z=0
+89000000000.0ns POS: x=766.72, y=157.957, z=1.5; VEL:0.270171, y=9.98635, z=0
+89999631770.0ns POS: x=766.99, y=167.94, z=1.5; VEL:0, y=0, z=0
+89999961048.0ns POS: x=1871.01, y=592.12, z=1.5; VEL:0, y=0, z=0
+90000000000.0ns POS: x=179.006, y=114.721, z=1.5; VEL:-13.6834, y=-1.79044, z=0
+90000000000.0ns POS: x=2014.21, y=580.199, z=1.5; VEL:-10.6194, y=0.929946, z=0
+90000000000.0ns POS: x=648.072, y=124.479, z=1.5; VEL:9.75885, y=1.26114, z=0
+90000000000.0ns POS: x=1871.01, y=592.12, z=1.5; VEL:-11.5469, y=0.269693, z=0
+90000000000.0ns POS: x=766.99, y=167.94, z=1.5; VEL:0.329881, y=12.2556, z=0
+90999883327.0ns POS: x=657.83, y=125.74, z=1.5; VEL:0, y=0, z=0
+91000000000.0ns POS: x=165.322, y=112.93, z=1.5; VEL:-13.5737, y=-1.78049, z=0
+91000000000.0ns POS: x=2003.6, y=581.129, z=1.5; VEL:-10.6796, y=0.929971, z=0
+91000000000.0ns POS: x=657.83, y=125.74, z=1.5; VEL:10.7795, y=1.39993, z=0
+91000000000.0ns POS: x=1859.46, y=592.39, z=1.5; VEL:-11.197, y=0.260164, z=0
+91000000000.0ns POS: x=767.32, y=180.196, z=1.5; VEL:0.320155, y=12.2158, z=0
+91999888136.0ns POS: x=767.64, y=192.41, z=1.5; VEL:0, y=0, z=0
+91999907682.0ns POS: x=151.75, y=111.15, z=1.5; VEL:0, y=0, z=0
+92000000000.0ns POS: x=1992.92, y=582.059, z=1.5; VEL:-10.5692, y=0.929913, z=0
+92000000000.0ns POS: x=668.609, y=127.14, z=1.5; VEL:11.3654, y=1.46941, z=0
+92000000000.0ns POS: x=1848.27, y=592.65, z=1.5; VEL:-11.1072, y=0.249941, z=0
+92000000000.0ns POS: x=767.64, y=192.41, z=1.5; VEL:0.339878, y=12.6654, z=0
+93000000000.0ns POS: x=1982.35, y=582.989, z=1.5; VEL:-10.9881, y=0.960716, z=0
+93000000000.0ns POS: x=679.975, y=128.609, z=1.5; VEL:9.2739, y=1.19051, z=0
+93000000000.0ns POS: x=1837.16, y=592.9, z=1.5; VEL:-11.417, y=0.25993, z=0
+93000000000.0ns POS: x=767.98, y=205.075, z=1.5; VEL:0.0501044, y=13.0199, z=0
+94000000000.0ns POS: x=1971.36, y=583.949, z=1.5; VEL:-10.4714, y=0.900131, z=0
+94000000000.0ns POS: x=689.249, y=129.8, z=1.5; VEL:9.44148, y=1.22019, z=0
+94000000000.0ns POS: x=1825.74, y=593.16, z=1.5; VEL:-11.4273, y=0.249951, z=0
+94000000000.0ns POS: x=768.03, y=218.095, z=1.5; VEL:-1.31918, y=11.9474, z=0
+94999972532.0ns POS: x=698.69, y=131.02, z=1.5; VEL:0, y=0, z=0
+95000000000.0ns POS: x=1960.89, y=584.849, z=1.5; VEL:-10.9731, y=0.900285, z=0
+95000000000.0ns POS: x=698.69, y=131.02, z=1.5; VEL:10.1545, y=1.32058, z=0
+95000000000.0ns POS: x=1814.31, y=593.41, z=1.5; VEL:-11.317, y=0.259915, z=0
+95000000000.0ns POS: x=766.711, y=230.043, z=1.5; VEL:-1.63999, y=12.3012, z=0
+95999557874.0ns POS: x=708.84, y=132.34, z=1.5; VEL:0, y=0, z=0
+96000000000.0ns POS: x=1949.91, y=585.75, z=1.5; VEL:-10.8235, y=0.889466, z=0
+96000000000.0ns POS: x=708.84, y=132.34, z=1.5; VEL:9.3621, y=1.21027, z=0
+96000000000.0ns POS: x=1803, y=593.67, z=1.5; VEL:-11.427, y=0.259937, z=0
+96000000000.0ns POS: x=765.071, y=242.344, z=1.5; VEL:-1.61034, y=12.0125, z=0
+96999776103.0ns POS: x=718.2, y=133.55, z=1.5; VEL:0, y=0, z=0
+97000000000.0ns POS: x=1939.09, y=586.639, z=1.5; VEL:-10.6738, y=0.880307, z=0
+97000000000.0ns POS: x=718.2, y=133.55, z=1.5; VEL:10.6812, y=1.38016, z=0
+97000000000.0ns POS: x=1791.57, y=593.93, z=1.5; VEL:-11.3072, y=0.249952, z=0
+97000000000.0ns POS: x=763.46, y=254.356, z=1.5; VEL:-1.55948, y=11.6561, z=0
+97999887486.0ns POS: x=728.88, y=134.93, z=1.5; VEL:0, y=0, z=0
+98000000000.0ns POS: x=1928.42, y=587.519, z=1.5; VEL:-10.9038, y=0.889498, z=0
+98000000000.0ns POS: x=728.88, y=134.93, z=1.5; VEL:8.96534, y=1.1594, z=0
+98000000000.0ns POS: x=1780.26, y=594.179, z=1.5; VEL:-11.367, y=0.259914, z=0
+98000000000.0ns POS: x=761.901, y=266.013, z=1.5; VEL:-1.71087, y=12.8365, z=0
+99000000000.0ns POS: x=1917.51, y=588.409, z=1.5; VEL:-11.0727, y=0.91021, z=0
+99000000000.0ns POS: x=737.845, y=136.089, z=1.5; VEL:11.2671, y=1.44963, z=0
+99000000000.0ns POS: x=1768.9, y=594.439, z=1.5; VEL:-11.427, y=0.259936, z=0
+99000000000.0ns POS: x=760.19, y=278.849, z=1.5; VEL:-1.65991, y=12.3893, z=0
+100000000000.0ns POS: x=1906.44, y=589.319, z=1.5; VEL:-10.8628, y=0.900222, z=0
+100000000000.0ns POS: x=749.112, y=137.539, z=1.5; VEL:8.35044, y=1.08005, z=0
+100000000000.0ns POS: x=1757.47, y=594.699, z=1.5; VEL:-11.1016, y=0.639073, z=0
+100000000000.0ns POS: x=758.53, y=291.238, z=1.5; VEL:-1.57084, y=11.8463, z=0
+100999605554.0ns POS: x=756.96, y=303.08, z=1.5; VEL:0, y=0, z=0
+101000000000.0ns POS: x=1895.58, y=590.219, z=1.5; VEL:-10.8042, y=0.880352, z=0
+101000000000.0ns POS: x=757.463, y=138.619, z=1.5; VEL:4.58986, y=0.861437, z=0
+101000000000.0ns POS: x=1746.37, y=595.338, z=1.5; VEL:-11.4682, y=0.97993, z=0
+101000000000.0ns POS: x=756.96, y=303.08, z=1.5; VEL:-1.57989, y=12.3191, z=0
+101999395351.0ns POS: x=762.05, y=139.48, z=1.5; VEL:0, y=0, z=0
+102000000000.0ns POS: x=1884.77, y=591.1, z=1.5; VEL:-10.8134, y=0.890278, z=0
+102000000000.0ns POS: x=762.05, y=139.48, z=1.5; VEL:3.13009, y=2.0833, z=0
+102000000000.0ns POS: x=1734.9, y=596.318, z=1.5; VEL:-11.1496, y=0.949971, z=0
+102000000000.0ns POS: x=755.38, y=315.399, z=1.5; VEL:-1.50091, y=12.1073, z=0
+102974413788.0ns POS: x=765.1, y=141.51, z=1.5; VEL:0, y=0, z=0
+102999469053.0ns POS: x=753.88, y=327.5, z=1.5; VEL:0, y=0, z=0
+102999988884.0ns POS: x=1873.96, y=591.99, z=1.5; VEL:0, y=0, z=0
+103000000000.0ns POS: x=1873.96, y=591.99, z=1.5; VEL:-10.7855, y=0.310159, z=0
+103000000000.0ns POS: x=765.1, y=141.51, z=1.5; VEL:1.33947, y=4.73415, z=0
+103000000000.0ns POS: x=1723.75, y=597.268, z=1.5; VEL:-11.4281, y=0.979824, z=0
+103000000000.0ns POS: x=753.88, y=327.5, z=1.5; VEL:-1.46981, y=11.7585, z=0
+103977999275.0ns POS: x=766.41, y=146.14, z=1.5; VEL:0, y=0, z=0
+103999486228.0ns POS: x=1863.18, y=592.3, z=1.5; VEL:0, y=0, z=0
+104000000000.0ns POS: x=1863.18, y=592.3, z=1.5; VEL:-10.5073, y=0.239937, z=0
+104000000000.0ns POS: x=766.41, y=146.14, z=1.5; VEL:0.269907, y=10.2665, z=0
+104000000000.0ns POS: x=1712.32, y=598.248, z=1.5; VEL:-11.3587, y=0.969894, z=0
+104000000000.0ns POS: x=752.41, y=339.258, z=1.5; VEL:-1.48978, y=12.0482, z=0
+105000000000.0ns POS: x=1852.67, y=592.54, z=1.5; VEL:-10.6571, y=0.24993, z=0
+105000000000.0ns POS: x=766.68, y=156.406, z=1.5; VEL:0.280165, y=10.3662, z=0
+105000000000.0ns POS: x=1700.96, y=599.218, z=1.5; VEL:-10.8995, y=0.939941, z=0
+105000000000.0ns POS: x=750.92, y=351.307, z=1.5; VEL:-1.46983, y=11.7786, z=0
+105999742685.0ns POS: x=766.96, y=166.77, z=1.5; VEL:0, y=0, z=0
+106000000000.0ns POS: x=1842.02, y=592.79, z=1.5; VEL:-10.9571, y=0.250167, z=0
+106000000000.0ns POS: x=766.96, y=166.77, z=1.5; VEL:0.239919, y=9.25689, z=0
+106000000000.0ns POS: x=1690.06, y=600.158, z=1.5; VEL:-11.1897, y=0.95001, z=0
+106000000000.0ns POS: x=627.5, y=780.24, z=1.5; VEL:0, y=0, z=0
+106000000000.0ns POS: x=749.451, y=363.085, z=1.5; VEL:-1.53064, y=12.2951, z=0
+106000000000.0ns POS: x=745.89, y=417.63, z=1.5; VEL:0, y=0, z=0
+106999865375.0ns POS: x=1831.06, y=593.04, z=1.5; VEL:0, y=0, z=0
+106999961603.0ns POS: x=747.92, y=375.38, z=1.5; VEL:0, y=0, z=0
+107000000000.0ns POS: x=1831.06, y=593.04, z=1.5; VEL:-11.0274, y=0.239943, z=0
+107000000000.0ns POS: x=767.2, y=176.027, z=1.5; VEL:0.240179, y=8.75671, z=0
+107000000000.0ns POS: x=1678.87, y=601.108, z=1.5; VEL:-11.5276, y=0.98977, z=0
+107000000000.0ns POS: x=627.5, y=780.24, z=1.5; VEL:-0.198477, y=-1.07178, z=0
+107000000000.0ns POS: x=747.92, y=375.38, z=1.5; VEL:-1.56047, y=12.6038, z=0
+107000000000.0ns POS: x=745.89, y=417.63, z=1.5; VEL:0.189751, y=-1.49803, z=0
+107999589090.0ns POS: x=767.44, y=184.78, z=1.5; VEL:0, y=0, z=0
+107999701114.0ns POS: x=746.36, y=387.98, z=1.5; VEL:0, y=0, z=0
+108000000000.0ns POS: x=1820.03, y=593.28, z=1.5; VEL:-10.6073, y=0.239936, z=0
+108000000000.0ns POS: x=767.44, y=184.78, z=1.5; VEL:0.259907, y=9.69652, z=0
+108000000000.0ns POS: x=1667.35, y=602.098, z=1.5; VEL:-11.0886, y=1.26025, z=0
+108000000000.0ns POS: x=627.302, y=779.168, z=1.5; VEL:-0.361284, y=-1.95693, z=0
+108000000000.0ns POS: x=746.36, y=387.98, z=1.5; VEL:-1.51948, y=12.2058, z=0
+108000000000.0ns POS: x=746.08, y=416.132, z=1.5; VEL:0.450314, y=-3.67249, z=0
+108999857044.0ns POS: x=746.53, y=412.46, z=1.5; VEL:0, y=0, z=0
+109000000000.0ns POS: x=1809.43, y=593.52, z=1.5; VEL:-10.5973, y=0.239938, z=0
+109000000000.0ns POS: x=767.7, y=194.477, z=1.5; VEL:0.259911, y=9.84657, z=0
+109000000000.0ns POS: x=1656.26, y=603.358, z=1.5; VEL:-11.0328, y=1.80794, z=0
+109000000000.0ns POS: x=626.94, y=777.211, z=1.5; VEL:-0.540119, y=-2.93064, z=0
+109000000000.0ns POS: x=744.841, y=400.186, z=1.5; VEL:-1.59018, y=12.7815, z=0
+109000000000.0ns POS: x=746.53, y=412.46, z=1.5; VEL:0.760351, y=-6.10282, z=0
+109999538527.0ns POS: x=747.29, y=406.36, z=1.5; VEL:0, y=0, z=0
+110000000000.0ns POS: x=1798.83, y=593.76, z=1.5; VEL:-10.5773, y=0.239938, z=0
+110000000000.0ns POS: x=767.96, y=204.323, z=1.5; VEL:0.190205, y=8.79794, z=0
+110000000000.0ns POS: x=1645.22, y=605.166, z=1.5; VEL:-10.9023, y=1.80036, z=0
+110000000000.0ns POS: x=626.4, y=774.281, z=1.5; VEL:-0.0800875, y=-3.74914, z=0
+110000000000.0ns POS: x=743.25, y=412.967, z=1.5; VEL:-1.55914, y=12.4931, z=0
+110000000000.0ns POS: x=747.29, y=406.36, z=1.5; VEL:0.999779, y=-8.05822, z=0
+110999882719.0ns POS: x=768.15, y=213.12, z=1.5; VEL:0, y=0, z=0
+111000000000.0ns POS: x=1788.25, y=594, z=1.5; VEL:-10.8871, y=0.250161, z=0
+111000000000.0ns POS: x=768.15, y=213.12, z=1.5; VEL:-0.420476, y=8.7499, z=0
+111000000000.0ns POS: x=1634.32, y=606.966, z=1.5; VEL:-10.8837, y=1.79062, z=0
+111000000000.0ns POS: x=626.32, y=770.532, z=1.5; VEL:-0.0700031, y=-4.83949, z=0
+111000000000.0ns POS: x=741.691, y=425.46, z=1.5; VEL:-1.50087, y=12.0569, z=0
+111000000000.0ns POS: x=748.29, y=398.302, z=1.5; VEL:1.22051, y=-9.77409, z=0
+111998868232.0ns POS: x=767.73, y=221.86, z=1.5; VEL:0, y=0, z=0
+111999763973.0ns POS: x=749.51, y=388.53, z=1.5; VEL:0, y=0, z=0
+112000000000.0ns POS: x=1777.36, y=594.25, z=1.5; VEL:-10.7173, y=0.239942, z=0
+112000000000.0ns POS: x=767.73, y=221.86, z=1.5; VEL:-1.0692, y=8.57359, z=0
+112000000000.0ns POS: x=1623.44, y=608.757, z=1.5; VEL:-11.1695, y=1.83991, z=0
+112000000000.0ns POS: x=626.25, y=765.692, z=1.5; VEL:-0.0899849, y=-5.56927, z=0
+112000000000.0ns POS: x=740.19, y=437.517, z=1.5; VEL:-1.53938, y=12.425, z=0
+112000000000.0ns POS: x=749.51, y=388.53, z=1.5; VEL:1.3905, y=-11.204, z=0
+112999639048.0ns POS: x=750.9, y=377.33, z=1.5; VEL:0, y=0, z=0
+113000000000.0ns POS: x=1766.65, y=594.49, z=1.5; VEL:-11.0172, y=0.249934, z=0
+113000000000.0ns POS: x=766.661, y=230.434, z=1.5; VEL:-1.30042, y=9.7436, z=0
+113000000000.0ns POS: x=1612.27, y=610.597, z=1.5; VEL:-11.1202, y=1.83167, z=0
+113000000000.0ns POS: x=626.16, y=760.123, z=1.5; VEL:-0.0899964, y=-6.34936, z=0
+113000000000.0ns POS: x=738.651, y=449.942, z=1.5; VEL:-1.46868, y=11.8493, z=0
+113000000000.0ns POS: x=750.9, y=377.33, z=1.5; VEL:1.6398, y=-13.1784, z=0
+114000000000.0ns POS: x=1755.63, y=594.74, z=1.5; VEL:-10.5962, y=0.710012, z=0
+114000000000.0ns POS: x=765.36, y=240.177, z=1.5; VEL:-1.2694, y=9.49553, z=0
+114000000000.0ns POS: x=1601.15, y=612.428, z=1.5; VEL:-11.3385, y=1.85976, z=0
+114000000000.0ns POS: x=626.07, y=753.773, z=1.5; VEL:-0.109987, y=-7.5392, z=0
+114000000000.0ns POS: x=737.182, y=461.792, z=1.5; VEL:-1.4996, y=12.0269, z=0
+114000000000.0ns POS: x=752.54, y=364.152, z=1.5; VEL:1.74033, y=-14.0526, z=0
+114999927630.0ns POS: x=754.28, y=350.1, z=1.5; VEL:0, y=0, z=0
+115000000000.0ns POS: x=1745.03, y=595.45, z=1.5; VEL:-10.9598, y=0.939926, z=0
+115000000000.0ns POS: x=764.091, y=249.673, z=1.5; VEL:-1.35994, y=10.1796, z=0
+115000000000.0ns POS: x=1589.81, y=614.288, z=1.5; VEL:-11.3166, y=2.101, z=0
+115000000000.0ns POS: x=625.96, y=746.234, z=1.5; VEL:-0.129983, y=-8.58902, z=0
+115000000000.0ns POS: x=754.28, y=350.1, z=1.5; VEL:1.69932, y=-13.6345, z=0
+115001789557.0ns POS: x=735.68, y=473.84, z=1.5; VEL:0, y=0, z=0
+116000000000.0ns POS: x=1734.07, y=596.39, z=1.5; VEL:-10.5717, y=0.900151, z=0
+116000000000.0ns POS: x=762.731, y=259.852, z=1.5; VEL:-1.31037, y=9.80281, z=0
+116000000000.0ns POS: x=1578.49, y=616.389, z=1.5; VEL:-10.9928, y=2.43827, z=0
+116000000000.0ns POS: x=625.83, y=737.645, z=1.5; VEL:-0.109992, y=-7.5792, z=0
+116000000000.0ns POS: x=755.979, y=336.465, z=1.5; VEL:1.48969, y=-11.9475, z=0
+117000000000.0ns POS: x=1723.5, y=597.29, z=1.5; VEL:-10.591, y=0.910082, z=0
+117000000000.0ns POS: x=761.421, y=269.655, z=1.5; VEL:-1.31031, y=9.75237, z=0
+117000000000.0ns POS: x=1567.5, y=618.828, z=1.5; VEL:-10.6721, y=2.36047, z=0
+117000000000.0ns POS: x=625.72, y=730.066, z=1.5; VEL:-0.0599782, y=-3.5795, z=0
+117000000000.0ns POS: x=757.469, y=324.518, z=1.5; VEL:0.929078, y=-7.48254, z=0
+118000000000.0ns POS: x=1712.91, y=598.2, z=1.5; VEL:-11.0401, y=0.940005, z=0
+118000000000.0ns POS: x=760.11, y=279.407, z=1.5; VEL:-1.14056, y=8.54421, z=0
+118000000000.0ns POS: x=1556.83, y=621.188, z=1.5; VEL:-11.2069, y=2.48929, z=0
+118000000000.0ns POS: x=625.66, y=726.486, z=1.5; VEL:-2.92829, y=-1.82418, z=0
+118000000000.0ns POS: x=758.398, y=317.035, z=1.5; VEL:-0.0803193, y=-3.71913, z=0
+118809383793.0ns POS: x=623.29, y=725.01, z=1.5; VEL:0, y=0, z=0
+118972124619.0ns POS: x=758.32, y=313.42, z=1.5; VEL:0, y=0, z=0
+118999805531.0ns POS: x=758.97, y=287.95, z=1.5; VEL:0, y=0, z=0
+119000000000.0ns POS: x=1701.87, y=599.14, z=1.5; VEL:-10.5809, y=0.91008, z=0
+119000000000.0ns POS: x=758.97, y=287.95, z=1.5; VEL:-1.32025, y=9.84184, z=0
+119000000000.0ns POS: x=1545.62, y=623.677, z=1.5; VEL:-11.1109, y=2.4602, z=0
+119000000000.0ns POS: x=623.29, y=725.01, z=1.5; VEL:-0.838238, y=3.57299, z=0
+119000000000.0ns POS: x=758.32, y=313.42, z=1.5; VEL:-0.152053, y=-0.304105, z=0
+119954382768.0ns POS: x=622.49, y=728.42, z=1.5; VEL:0, y=0, z=0
+119986500578.0ns POS: x=758.17, y=313.12, z=1.5; VEL:0, y=0, z=0
+119999812872.0ns POS: x=757.65, y=297.79, z=1.5; VEL:0, y=0, z=0
+119999947236.0ns POS: x=1691.29, y=600.05, z=1.5; VEL:0, y=0, z=0
+120000000000.0ns POS: x=1691.29, y=600.05, z=1.5; VEL:-10.6913, y=0.910113, z=0
+120000000000.0ns POS: x=757.65, y=297.79, z=1.5; VEL:-1.41117, y=10.899, z=0
+120000000000.0ns POS: x=1534.51, y=626.137, z=1.5; VEL:-11.1599, y=2.46999, z=0
+120000000000.0ns POS: x=622.49, y=728.42, z=1.5; VEL:0.0699922, y=4.67948, z=0
+120000000000.0ns POS: x=758.17, y=313.12, z=1.5; VEL:-0.0189737, y=-0.056921, z=0
+120999172120.0ns POS: x=756.24, y=308.68, z=1.5; VEL:0, y=0, z=0
+120999875353.0ns POS: x=1680.6, y=600.96, z=1.5; VEL:0, y=0, z=0
+121000000000.0ns POS: x=1680.6, y=600.96, z=1.5; VEL:-10.8995, y=0.939961, z=0
+121000000000.0ns POS: x=756.24, y=308.68, z=1.5; VEL:-1.44979, y=11.4183, z=0
+121000000000.0ns POS: x=1523.35, y=628.607, z=1.5; VEL:-10.9152, y=2.41893, z=0
+121000000000.0ns POS: x=622.56, y=733.099, z=1.5; VEL:0.0899881, y=5.65928, z=0
+121000000000.0ns POS: x=758.151, y=313.063, z=1.5; VEL:0, y=0, z=0
+122000000000.0ns POS: x=1669.7, y=601.9, z=1.5; VEL:-10.5053, y=0.970484, z=0
+122000000000.0ns POS: x=754.79, y=320.098, z=1.5; VEL:-1.33969, y=10.8274, z=0
+122000000000.0ns POS: x=1512.44, y=631.026, z=1.5; VEL:-11.2964, y=2.50141, z=0
+122000000000.0ns POS: x=622.65, y=738.759, z=1.5; VEL:0.100136, y=6.93928, z=0
+122000000000.0ns POS: x=758.151, y=313.063, z=1.5; VEL:-1.30711, y=-0.50145, z=0
+122903537205.0ns POS: x=756.97, y=312.61, z=1.5; VEL:0, y=0, z=0
+122998841561.0ns POS: x=622.75, y=745.69, z=1.5; VEL:0, y=0, z=0
+122999541857.0ns POS: x=1659.2, y=602.87, z=1.5; VEL:0, y=0, z=0
+123000000000.0ns POS: x=1659.2, y=602.87, z=1.5; VEL:-10.7165, y=1.75943, z=0
+123000000000.0ns POS: x=753.451, y=330.926, z=1.5; VEL:-1.1201, y=9.0308, z=0
+123000000000.0ns POS: x=1501.14, y=633.528, z=1.5; VEL:-10.8512, y=2.43024, z=0
+123000000000.0ns POS: x=622.75, y=745.69, z=1.5; VEL:0.119986, y=7.79908, z=0
+123000000000.0ns POS: x=756.97, y=312.61, z=1.5; VEL:-1.7178, y=3.00346, z=0
+123925600314.0ns POS: x=755.38, y=315.39, z=1.5; VEL:0, y=0, z=0
+124000000000.0ns POS: x=1648.48, y=604.629, z=1.5; VEL:-10.7349, y=1.77081, z=0
+124000000000.0ns POS: x=752.33, y=339.957, z=1.5; VEL:-1.08039, y=8.69312, z=0
+124000000000.0ns POS: x=1490.29, y=635.958, z=1.5; VEL:-11.2819, y=2.52043, z=0
+124000000000.0ns POS: x=622.87, y=753.489, z=1.5; VEL:0.119848, y=8.50916, z=0
+124000000000.0ns POS: x=755.38, y=315.39, z=1.5; VEL:-0.730582, y=5.86467, z=0
+124999203762.0ns POS: x=754.65, y=321.25, z=1.5; VEL:0, y=0, z=0
+124999864427.0ns POS: x=1637.75, y=606.4, z=1.5; VEL:0, y=0, z=0
+125000000000.0ns POS: x=1637.75, y=606.4, z=1.5; VEL:-10.4598, y=1.71832, z=0
+125000000000.0ns POS: x=751.25, y=348.65, z=1.5; VEL:-1.12004, y=8.97035, z=0
+125000000000.0ns POS: x=1479.01, y=638.478, z=1.5; VEL:-11.2226, y=2.51058, z=0
+125000000000.0ns POS: x=622.99, y=761.998, z=1.5; VEL:0.139974, y=9.34895, z=0
+125000000000.0ns POS: x=754.65, y=321.25, z=1.5; VEL:-1.0097, y=8.1376, z=0
+125999996472.0ns POS: x=750.13, y=357.62, z=1.5; VEL:0, y=0, z=0
+126000000000.0ns POS: x=1627.29, y=608.118, z=1.5; VEL:-10.4187, y=1.72144, z=0
+126000000000.0ns POS: x=750.13, y=357.62, z=1.5; VEL:-1.35081, y=10.8865, z=0
+126000000000.0ns POS: x=1467.78, y=640.989, z=1.5; VEL:-10.8512, y=2.43026, z=0
+126000000000.0ns POS: x=623.13, y=771.347, z=1.5; VEL:1.13349, y=9.01905, z=0
+126000000000.0ns POS: x=753.64, y=329.388, z=1.5; VEL:-1.32972, y=10.7078, z=0
+126997090882.0ns POS: x=624.26, y=780.34, z=1.5; VEL:0, y=0, z=0
+126999401520.0ns POS: x=748.78, y=368.5, z=1.5; VEL:0, y=0, z=0
+127000000000.0ns POS: x=1616.87, y=609.84, z=1.5; VEL:-10.5779, y=1.73966, z=0
+127000000000.0ns POS: x=748.78, y=368.5, z=1.5; VEL:-1.33965, y=10.7972, z=0
+127000000000.0ns POS: x=1456.93, y=643.419, z=1.5; VEL:-10.7838, y=2.41085, z=0
+127000000000.0ns POS: x=624.26, y=780.34, z=1.5; VEL:0.93893, y=5.09419, z=0
+127000000000.0ns POS: x=752.311, y=340.095, z=1.5; VEL:-1.54055, y=12.3644, z=0
+127999926459.0ns POS: x=1446.15, y=645.83, z=1.5; VEL:0, y=0, z=0
+128000000000.0ns POS: x=1606.29, y=611.579, z=1.5; VEL:-10.4494, y=1.7199, z=0
+128000000000.0ns POS: x=747.44, y=379.297, z=1.5; VEL:-1.15972, y=9.2778, z=0
+128000000000.0ns POS: x=1446.15, y=645.83, z=1.5; VEL:-11.0781, y=2.46957, z=0
+128000000000.0ns POS: x=625.199, y=785.434, z=1.5; VEL:1.58216, y=5.84982, z=0
+128000000000.0ns POS: x=750.77, y=352.46, z=1.5; VEL:-1.50954, y=12.1163, z=0
+128999314002.0ns POS: x=626.78, y=791.28, z=1.5; VEL:0, y=0, z=0
+129000000000.0ns POS: x=1595.84, y=613.299, z=1.5; VEL:-10.5779, y=1.73966, z=0
+129000000000.0ns POS: x=746.281, y=388.575, z=1.5; VEL:-1.37067, y=11.0554, z=0
+129000000000.0ns POS: x=1435.07, y=648.3, z=1.5; VEL:-11.1846, y=2.45101, z=0
+129000000000.0ns POS: x=626.78, y=791.28, z=1.5; VEL:5.83209, y=3.99645, z=0
+129000000000.0ns POS: x=749.26, y=364.576, z=1.5; VEL:-1.25908, y=10.1925, z=0
+129953345938.0ns POS: x=632.34, y=795.09, z=1.5; VEL:0, y=0, z=0
+129999761897.0ns POS: x=1423.89, y=650.75, z=1.5; VEL:0, y=0, z=0
+129999967220.0ns POS: x=744.91, y=399.63, z=1.5; VEL:0, y=0, z=0
+130000000000.0ns POS: x=1585.27, y=615.039, z=1.5; VEL:-10.4958, y=2.18094, z=0
+130000000000.0ns POS: x=744.91, y=399.63, z=1.5; VEL:-1.42145, y=11.3816, z=0
+130000000000.0ns POS: x=1423.89, y=650.75, z=1.5; VEL:-11.203, y=2.46065, z=0
+130000000000.0ns POS: x=632.34, y=795.09, z=1.5; VEL:7.89269, y=-1.03297, z=0
+130000000000.0ns POS: x=748.001, y=374.769, z=1.5; VEL:-1.34082, y=10.7467, z=0
+130997125043.0ns POS: x=640.21, y=794.06, z=1.5; VEL:0, y=0, z=0
+130998982462.0ns POS: x=743.49, y=411, z=1.5; VEL:0, y=0, z=0
+130999736589.0ns POS: x=1412.69, y=653.21, z=1.5; VEL:0, y=0, z=0
+131000000000.0ns POS: x=1574.77, y=617.22, z=1.5; VEL:-10.6904, y=2.37009, z=0
+131000000000.0ns POS: x=743.49, y=411, z=1.5; VEL:-1.34957, y=10.8665, z=0
+131000000000.0ns POS: x=1412.69, y=653.21, z=1.5; VEL:-11.087, y=2.42934, z=0
+131000000000.0ns POS: x=640.21, y=794.06, z=1.5; VEL:8.39756, y=-1.98942, z=0
+131000000000.0ns POS: x=746.661, y=385.515, z=1.5; VEL:-1.4103, y=11.3124, z=0
+132000000000.0ns POS: x=1564.08, y=619.59, z=1.5; VEL:-10.3395, y=2.28988, z=0
+132000000000.0ns POS: x=742.14, y=421.867, z=1.5; VEL:-1.35952, y=10.9761, z=0
+132000000000.0ns POS: x=1401.6, y=655.639, z=1.5; VEL:-10.8908, y=2.39017, z=0
+132000000000.0ns POS: x=648.608, y=792.071, z=1.5; VEL:9.37919, y=-2.31224, z=0
+132000000000.0ns POS: x=745.25, y=396.828, z=1.5; VEL:-1.38057, y=11.1146, z=0
+132999280171.0ns POS: x=657.98, y=789.76, z=1.5; VEL:0, y=0, z=0
+132999793523.0ns POS: x=743.87, y=407.94, z=1.5; VEL:0, y=0, z=0
+133000000000.0ns POS: x=1553.74, y=621.88, z=1.5; VEL:-10.7702, y=2.38004, z=0
+133000000000.0ns POS: x=626.61, y=775.42, z=1.5; VEL:0, y=0, z=0
+133000000000.0ns POS: x=740.781, y=432.843, z=1.5; VEL:-1.30984, y=10.5188, z=0
+133000000000.0ns POS: x=1390.71, y=658.03, z=1.5; VEL:-11.0277, y=2.4195, z=0
+133000000000.0ns POS: x=657.98, y=789.76, z=1.5; VEL:10.1547, y=-2.50869, z=0
+133000000000.0ns POS: x=743.87, y=407.94, z=1.5; VEL:-1.27889, y=10.3211, z=0
+134000000000.0ns POS: x=1542.97, y=624.26, z=1.5; VEL:-10.6414, y=2.36031, z=0
+134000000000.0ns POS: x=626.61, y=775.42, z=1.5; VEL:-0.188662, y=-1.02274, z=0
+134000000000.0ns POS: x=739.471, y=443.361, z=1.5; VEL:-1.17092, y=9.40741, z=0
+134000000000.0ns POS: x=745.54, y=420.41, z=1.5; VEL:0, y=0, z=0
+134000000000.0ns POS: x=1379.68, y=660.449, z=1.5; VEL:-11.044, y=2.43866, z=0
+134000000000.0ns POS: x=668.135, y=787.251, z=1.5; VEL:10.9515, y=-2.53042, z=0
+134000000000.0ns POS: x=742.591, y=418.261, z=1.5; VEL:-1.31974, y=10.578, z=0
+134999907582.0ns POS: x=1532.33, y=626.62, z=1.5; VEL:0, y=0, z=0
+135000000000.0ns POS: x=1532.33, y=626.62, z=1.5; VEL:-10.8376, y=2.39946, z=0
+135000000000.0ns POS: x=626.421, y=774.397, z=1.5; VEL:-0.0813842, y=-2.19849, z=0
+135000000000.0ns POS: x=738.3, y=452.769, z=1.5; VEL:-1.22924, y=9.88385, z=0
+135000000000.0ns POS: x=745.54, y=420.41, z=1.5; VEL:0.62882, y=-5.00062, z=0
+135000000000.0ns POS: x=1368.64, y=662.888, z=1.5; VEL:-10.9302, y=2.35011, z=0
+135000000000.0ns POS: x=679.086, y=784.721, z=1.5; VEL:10.4981, y=-2.35959, z=0
+135000000000.0ns POS: x=741.271, y=428.839, z=1.5; VEL:-1.21064, y=9.74509, z=0
+135999436478.0ns POS: x=626.34, y=772.2, z=1.5; VEL:0, y=0, z=0
+136000000000.0ns POS: x=1521.49, y=629.019, z=1.5; VEL:-10.4554, y=2.3212, z=0
+136000000000.0ns POS: x=626.34, y=772.2, z=1.5; VEL:-0.0499939, y=-3.19961, z=0
+136000000000.0ns POS: x=737.071, y=462.653, z=1.5; VEL:-1.36945, y=11.0555, z=0
+136000000000.0ns POS: x=746.169, y=415.409, z=1.5; VEL:1.27018, y=-10.2113, z=0
+136000000000.0ns POS: x=1357.71, y=665.238, z=1.5; VEL:-11.253, y=2.22077, z=0
+136000000000.0ns POS: x=689.584, y=782.361, z=1.5; VEL:6.56463, y=-1.61347, z=0
+136000000000.0ns POS: x=740.061, y=438.584, z=1.5; VEL:-1.32968, y=10.6674, z=0
+136998646355.0ns POS: x=696.14, y=780.75, z=1.5; VEL:0, y=0, z=0
+136999714087.0ns POS: x=1511.04, y=631.34, z=1.5; VEL:0, y=0, z=0
+137000000000.0ns POS: x=1511.04, y=631.34, z=1.5; VEL:-10.6618, y=2.36041, z=0
+137000000000.0ns POS: x=626.29, y=769, z=1.5; VEL:-0.0599936, y=-4.02955, z=0
+137000000000.0ns POS: x=747.439, y=405.198, z=1.5; VEL:1.61998, y=-13.0498, z=0
+137000000000.0ns POS: x=1346.46, y=667.459, z=1.5; VEL:-10.9961, y=2.17923, z=0
+137000000000.0ns POS: x=696.14, y=780.75, z=1.5; VEL:5.72836, y=-4.77885, z=0
+137000000000.0ns POS: x=738.731, y=449.252, z=1.5; VEL:-1.36944, y=11.0454, z=0
+137001070080.0ns POS: x=735.7, y=473.72, z=1.5; VEL:0, y=0, z=0
+137958388794.0ns POS: x=701.63, y=776.17, z=1.5; VEL:0, y=0, z=0
+137999827233.0ns POS: x=1500.38, y=633.7, z=1.5; VEL:0, y=0, z=0
+138000000000.0ns POS: x=1500.38, y=633.7, z=1.5; VEL:-10.7633, y=2.41075, z=0
+138000000000.0ns POS: x=626.23, y=764.971, z=1.5; VEL:-0.0699949, y=-5.19953, z=0
+138000000000.0ns POS: x=749.059, y=392.148, z=1.5; VEL:1.40044, y=-11.2935, z=0
+138000000000.0ns POS: x=1335.46, y=669.638, z=1.5; VEL:-11.1059, y=2.19118, z=0
+138000000000.0ns POS: x=701.63, y=776.17, z=1.5; VEL:0.841729, y=-8.49842, z=0
+138000000000.0ns POS: x=737.362, y=460.297, z=1.5; VEL:-1.27886, y=10.2908, z=0
+138986065983.0ns POS: x=702.46, y=767.79, z=1.5; VEL:0, y=0, z=0
+138999690896.0ns POS: x=1489.62, y=636.11, z=1.5; VEL:0, y=0, z=0
+139000000000.0ns POS: x=1489.62, y=636.11, z=1.5; VEL:-10.6188, y=2.36973, z=0
+139000000000.0ns POS: x=626.16, y=759.771, z=1.5; VEL:-0.0899867, y=-5.82931, z=0
+139000000000.0ns POS: x=750.459, y=380.855, z=1.5; VEL:1.3793, y=-11.0744, z=0
+139000000000.0ns POS: x=1324.36, y=671.829, z=1.5; VEL:-11.1063, y=2.18927, z=0
+139000000000.0ns POS: x=702.46, y=767.79, z=1.5; VEL:-0.639918, y=-9.62876, z=0
+139000000000.0ns POS: x=736.083, y=470.588, z=1.5; VEL:-0.81004, y=6.56018, z=0
+140000000000.0ns POS: x=1479, y=638.48, z=1.5; VEL:-10.7348, y=2.40106, z=0
+140000000000.0ns POS: x=626.07, y=753.942, z=1.5; VEL:-0.0999917, y=-6.93928, z=0
+140000000000.0ns POS: x=751.839, y=369.78, z=1.5; VEL:1.51952, y=-12.2461, z=0
+140000000000.0ns POS: x=1313.25, y=674.018, z=1.5; VEL:-10.9675, y=2.1695, z=0
+140000000000.0ns POS: x=701.82, y=758.161, z=1.5; VEL:-0.620714, y=-10.8923, z=0
+140000000000.0ns POS: x=735.273, y=477.148, z=1.5; VEL:-3.50627, y=5.02822, z=0
+140939091548.0ns POS: x=731.98, y=481.87, z=1.5; VEL:0, y=0, z=0
+140998982081.0ns POS: x=701.2, y=747.28, z=1.5; VEL:0, y=0, z=0
+140999669716.0ns POS: x=1468.27, y=640.88, z=1.5; VEL:0, y=0, z=0
+141000000000.0ns POS: x=1468.27, y=640.88, z=1.5; VEL:-10.8021, y=2.42048, z=0
+141000000000.0ns POS: x=625.97, y=747.003, z=1.5; VEL:-0.119985, y=-7.9591, z=0
+141000000000.0ns POS: x=753.358, y=357.534, z=1.5; VEL:1.69064, y=-13.5852, z=0
+141000000000.0ns POS: x=1302.28, y=676.188, z=1.5; VEL:-11.2617, y=2.22835, z=0
+141000000000.0ns POS: x=701.2, y=747.28, z=1.5; VEL:0.960935, y=-12.0417, z=0
+141000000000.0ns POS: x=731.98, y=481.87, z=1.5; VEL:-6.35273, y=-0.303958, z=0
+141986976875.0ns POS: x=725.71, y=481.57, z=1.5; VEL:0, y=0, z=0
+141999026775.0ns POS: x=702.16, y=735.25, z=1.5; VEL:0, y=0, z=0
+141999802093.0ns POS: x=1457.47, y=643.3, z=1.5; VEL:0, y=0, z=0
+142000000000.0ns POS: x=1457.47, y=643.3, z=1.5; VEL:-10.5498, y=2.35771, z=0
+142000000000.0ns POS: x=625.85, y=739.044, z=1.5; VEL:-0.119988, y=-8.12911, z=0
+142000000000.0ns POS: x=755.049, y=343.949, z=1.5; VEL:1.63984, y=-13.2187, z=0
+142000000000.0ns POS: x=1291.02, y=678.416, z=1.5; VEL:-11.1142, y=2.20083, z=0
+142000000000.0ns POS: x=702.16, y=735.25, z=1.5; VEL:1.3907, y=-13.1466, z=0
+142000000000.0ns POS: x=725.71, y=481.57, z=1.5; VEL:-8.1751, y=-1.24925, z=0
+142999494345.0ns POS: x=703.55, y=722.11, z=1.5; VEL:0, y=0, z=0
+143000000000.0ns POS: x=1446.92, y=645.658, z=1.5; VEL:-10.8247, y=2.41106, z=0
+143000000000.0ns POS: x=625.73, y=730.915, z=1.5; VEL:-0.0699891, y=-4.55946, z=0
+143000000000.0ns POS: x=756.689, y=330.73, z=1.5; VEL:1.52938, y=-12.2751, z=0
+143000000000.0ns POS: x=1279.91, y=680.617, z=1.5; VEL:-10.949, y=2.15982, z=0
+143000000000.0ns POS: x=703.55, y=722.11, z=1.5; VEL:1.99025, y=-14.2618, z=0
+143000000000.0ns POS: x=717.535, y=480.321, z=1.5; VEL:-9.69627, y=-1.48942, z=0
+143999873882.0ns POS: x=705.54, y=707.85, z=1.5; VEL:0, y=0, z=0
+144000000000.0ns POS: x=1436.1, y=648.069, z=1.5; VEL:-10.3723, y=2.28051, z=0
+144000000000.0ns POS: x=625.66, y=726.355, z=1.5; VEL:-3.13408, y=-1.53546, z=0
+144000000000.0ns POS: x=758.218, y=318.455, z=1.5; VEL:0.300124, y=-2.38116, z=0
+144000000000.0ns POS: x=1268.96, y=682.777, z=1.5; VEL:-11.2534, y=2.21869, z=0
+144000000000.0ns POS: x=705.54, y=707.85, z=1.5; VEL:2.13868, y=-14.3212, z=0
+144000000000.0ns POS: x=707.839, y=478.831, z=1.5; VEL:-11.5941, y=-1.78062, z=0
+144791325541.0ns POS: x=623.18, y=725.14, z=1.5; VEL:0, y=0, z=0
+145000000000.0ns POS: x=1425.72, y=650.349, z=1.5; VEL:-10.3355, y=2.26121, z=0
+145000000000.0ns POS: x=623.18, y=725.14, z=1.5; VEL:-0.719478, y=3.13859, z=0
+145000000000.0ns POS: x=758.518, y=316.074, z=1.5; VEL:-0.522691, y=-3.30897, z=0
+145000000000.0ns POS: x=1257.7, y=684.995, z=1.5; VEL:-10.9569, y=2.17135, z=0
+145000000000.0ns POS: x=707.679, y=693.529, z=1.5; VEL:2.07947, y=-13.9964, z=0
+145000000000.0ns POS: x=696.245, y=477.051, z=1.5; VEL:-14.0465, y=-2.14947, z=0
+145953192014.0ns POS: x=758.02, y=312.92, z=1.5; VEL:0, y=0, z=0
+145959029140.0ns POS: x=622.49, y=728.15, z=1.5; VEL:0, y=0, z=0
+145999779486.0ns POS: x=1415.39, y=652.61, z=1.5; VEL:0, y=0, z=0
+146000000000.0ns POS: x=1415.39, y=652.61, z=1.5; VEL:-10.4806, y=2.30012, z=0
+146000000000.0ns POS: x=622.49, y=728.15, z=1.5; VEL:0.0599939, y=4.19957, z=0
+146000000000.0ns POS: x=758.02, y=312.92, z=1.5; VEL:-2.5084, y=0.645016, z=0
+146000000000.0ns POS: x=1246.75, y=687.167, z=1.5; VEL:-11.2428, y=2.22057, z=0
+146000000000.0ns POS: x=709.758, y=679.532, z=1.5; VEL:2.13034, y=-14.3123, z=0
+146000000000.0ns POS: x=682.198, y=474.901, z=1.5; VEL:-13.4632, y=-2.0605, z=0
+146837188154.0ns POS: x=755.92, y=313.46, z=1.5; VEL:0, y=0, z=0
+146999945713.0ns POS: x=1404.91, y=654.91, z=1.5; VEL:0, y=0, z=0
+147000000000.0ns POS: x=1404.91, y=654.91, z=1.5; VEL:-10.3232, y=2.27071, z=0
+147000000000.0ns POS: x=622.55, y=732.35, z=1.5; VEL:0.0699926, y=4.82949, z=0
+147000000000.0ns POS: x=755.92, y=313.46, z=1.5; VEL:-0.635542, y=2.63442, z=0
+147000000000.0ns POS: x=1235.5, y=689.387, z=1.5; VEL:-11.0471, y=2.17942, z=0
+147000000000.0ns POS: x=711.888, y=665.22, z=1.5; VEL:2.09081, y=-14.0655, z=0
+147000000000.0ns POS: x=668.735, y=472.841, z=1.5; VEL:-14.0753, y=-2.15928, z=0
+147975545545.0ns POS: x=755.3, y=316.03, z=1.5; VEL:0, y=0, z=0
+147999688472.0ns POS: x=1394.59, y=657.18, z=1.5; VEL:0, y=0, z=0
+148000000000.0ns POS: x=1394.59, y=657.18, z=1.5; VEL:-10.4627, y=2.2884, z=0
+148000000000.0ns POS: x=622.62, y=737.179, z=1.5; VEL:0.089988, y=5.7693, z=0
+148000000000.0ns POS: x=755.3, y=316.03, z=1.5; VEL:-0.859581, y=6.89664, z=0
+148000000000.0ns POS: x=1224.46, y=691.567, z=1.5; VEL:-11.3291, y=1.79209, z=0
+148000000000.0ns POS: x=713.979, y=651.155, z=1.5; VEL:2.08789, y=-14.0558, z=0
+148000000000.0ns POS: x=654.659, y=470.681, z=1.5; VEL:-13.137, y=-2.01107, z=0
+149000000000.0ns POS: x=1384.13, y=659.468, z=1.5; VEL:-10.4294, y=2.29986, z=0
+149000000000.0ns POS: x=622.71, y=742.948, z=1.5; VEL:0.100141, y=6.57924, z=0
+149000000000.0ns POS: x=754.44, y=322.927, z=1.5; VEL:-1.48975, y=12.0079, z=0
+149000000000.0ns POS: x=1213.13, y=693.359, z=1.5; VEL:-11.0473, y=1.50979, z=0
+149000000000.0ns POS: x=716.067, y=637.099, z=1.5; VEL:2.10063, y=-14.0943, z=0
+149000000000.0ns POS: x=641.523, y=468.67, z=1.5; VEL:-14.1597, y=-1.85001, z=0
+149998844775.0ns POS: x=622.81, y=749.52, z=1.5; VEL:0, y=0, z=0
+150000000000.0ns POS: x=1373.7, y=661.768, z=1.5; VEL:-10.719, y=2.37977, z=0
+150000000000.0ns POS: x=622.81, y=749.52, z=1.5; VEL:0.109987, y=7.23916, z=0
+150000000000.0ns POS: x=752.951, y=334.935, z=1.5; VEL:-1.65963, y=13.3271, z=0
+150000000000.0ns POS: x=1202.08, y=694.869, z=1.5; VEL:-10.8394, y=1.47992, z=0
+150000000000.0ns POS: x=718.168, y=623.005, z=1.5; VEL:2.07932, y=-13.9155, z=0
+150000000000.0ns POS: x=627.363, y=466.82, z=1.5; VEL:-13.3813, y=-1.7089, z=0
